#
# A fatal error has been detected by the Java Runtime Environment:
#
#  EXCEPTION_ACCESS_VIOLATION (0xc0000005) at pc=0x00007ffd33533370, pid=10436, tid=7724
#
# JRE version: Java(TM) SE Runtime Environment (9.0+11) (build 9.0.4+11)
# Java VM: Java HotSpot(TM) 64-Bit Server VM (9.0.4+11, mixed mode, tiered, compressed oops, g1 gc, windows-amd64)
# Problematic frame:
# C  0x00007ffd33533370
#
# No core dump will be written. Minidumps are not enabled by default on client versions of Windows
#
# If you would like to submit a bug report, please visit:
#   http://bugreport.java.com/bugreport/crash.jsp
# The crash happened outside the Java Virtual Machine in native code.
# See problematic frame for where to report the bug.
#

---------------  S U M M A R Y ------------

Command Line: -Dsun.java2d.pmoffscreen=false -Dsun.java2d.xrender=false -Dsun.java2d.d3d=false -Dsun.awt.nopixfmt=true -Dsun.java2d.dpiaware=true -Dsun.java2d.uiScale.enabled=false -Xverify:none -Dswing.aatext=true -XX:-UsePerfData -Djdk.map.althashing.threshold=512 -XX:StringTableSize=4072 --add-opens=java.base/java.nio=ALL-UNNAMED --add-opens=java.desktop/sun.swing=ALL-UNNAMED --add-opens=java.desktop/javax.swing=ALL-UNNAMED --add-opens=java.desktop/javax.swing.tree=ALL-UNNAMED --add-opens=java.desktop/javax.swing.plaf.basic=ALL-UNNAMED --add-opens=java.desktop/javax.swing.plaf.synth=ALL-UNNAMED --add-opens=java.desktop/com.sun.awt=ALL-UNNAMED -XX:NewSize=60m -XX:MaxNewSize=60m -Xms128m -Xmx3072m -Xss5m 

Host: Intel(R) Core(TM) i7-8750H CPU @ 2.20GHz, 12 cores, 7G,  Windows 10 , 64 bit Build 18362 (10.0.18362.329)
Time: Thu Dec 12 20:46:39 2019 中国标准时间 elapsed time: 563 seconds (0d 0h 9m 23s)

---------------  T H R E A D  ---------------

Current thread (0x0000017da702d000):  JavaThread "AWT-EventQueue-1" [_thread_in_native, id=7724, stack(0x00000060bd400000,0x00000060bd900000)]

Stack: [0x00000060bd400000,0x00000060bd900000],  sp=0x00000060bd8f3798,  free space=5069k
Native frames: (J=compiled Java code, j=interpreted, Vv=VM code, C=native code)
C  0x00007ffd33533370

Java frames: (J=compiled Java code, j=interpreted, Vv=VM code)
J 20580  ui.views.waveform.waveformi.WVExecutive_getGraphicsDataSize(J)J (0 bytes) @ 0x0000017db93192a1 [0x0000017db9319260+0x0000000000000041]
J 20579 c1 ui.views.waveform.executive.a.gEt()Ljava/io/ByteArrayInputStream; (93 bytes) @ 0x0000017db3556cac [0x0000017db3556bc0+0x00000000000000ec]
J 20578 c1 ui.views.waveform.b.a.gEf()V (142 bytes) @ 0x0000017db3552334 [0x0000017db3552220+0x0000000000000114]
J 20406 c1 ui.views.waveform.w.cRi()V (38 bytes) @ 0x0000017db34d906c [0x0000017db34d8900+0x000000000000076c]
J 19610 c1 ui.views.waveform.c.b.j(Lui/frmwork/b/i;)V (603 bytes) @ 0x0000017db265ca3c [0x0000017db2653320+0x000000000000971c]
J 19609 c1 ui.views.waveform.w.a(Lui/frmwork/b/i;)V (17 bytes) @ 0x0000017db1a80614 [0x0000017db1a80540+0x00000000000000d4]
J 15520 c1 ui.frmwork.b.l.d(Lui/frmwork/b/i;)V (61 bytes) @ 0x0000017db103e21c [0x0000017db103d9c0+0x000000000000085c]
J 15496 c1 ui.frmwork.HTclEventBroker.i(JZ)V (471 bytes) @ 0x0000017db1da2c2c [0x0000017db1d9e440+0x00000000000047ec]
J 15508 c1 ui.frmwork.HTclEventBroker.fireTclEvent(J)I (113 bytes) @ 0x0000017db109b1cc [0x0000017db109a9c0+0x000000000000080c]
v  ~StubRoutines::call_stub
j  ui.views.waveform.waveformi.WVExecutive_processModelEvent(JJ)V+0
j  ui.views.waveform.executive.a.eE(J)V+5
j  ui.views.waveform.c.b.eD(J)V+8
J 19610 c1 ui.views.waveform.c.b.j(Lui/frmwork/b/i;)V (603 bytes) @ 0x0000017db265d774 [0x0000017db2653320+0x000000000000a454]
J 19609 c1 ui.views.waveform.w.a(Lui/frmwork/b/i;)V (17 bytes) @ 0x0000017db1a80614 [0x0000017db1a80540+0x00000000000000d4]
J 15520 c1 ui.frmwork.b.l.d(Lui/frmwork/b/i;)V (61 bytes) @ 0x0000017db103e21c [0x0000017db103d9c0+0x000000000000085c]
J 15496 c1 ui.frmwork.HTclEventBroker.i(JZ)V (471 bytes) @ 0x0000017db1da2c2c [0x0000017db1d9e440+0x00000000000047ec]
J 15508 c1 ui.frmwork.HTclEventBroker.fireTclEvent(J)I (113 bytes) @ 0x0000017db109b1cc [0x0000017db109a9c0+0x000000000000080c]
v  ~StubRoutines::call_stub
j  ui.views.waveform.waveformi.WVExecutive_processModelEvent(JJ)V+0
j  ui.views.waveform.executive.a.eE(J)V+5
j  ui.views.waveform.c.b.eD(J)V+8
j  ui.views.waveform.c.e.actionPerformed(Ljava/awt/event/ActionEvent;)V+8
J 19970 c2 javax.swing.Timer.fireActionPerformed(Ljava/awt/event/ActionEvent;)V java.desktop@9.0.4 (46 bytes) @ 0x0000017db8d330d8 [0x0000017db8d32fc0+0x0000000000000118]
J 19969 c2 javax.swing.Timer$DoPostEvent.run()V java.desktop@9.0.4 (82 bytes) @ 0x0000017db8d230ec [0x0000017db8d22de0+0x000000000000030c]
J 13616 c2 java.awt.EventQueue$3.run()Ljava/lang/Object; java.desktop@9.0.4 (5 bytes) @ 0x0000017db8726d84 [0x0000017db8726c80+0x0000000000000104]
v  ~StubRoutines::call_stub
J 4293  java.security.AccessController.doPrivileged(Ljava/security/PrivilegedAction;Ljava/security/AccessControlContext;)Ljava/lang/Object; java.base@9.0.4 (0 bytes) @ 0x0000017db81752c6 [0x0000017db8175260+0x0000000000000066]
J 13583 c2 ui.frmwork.b.d.dispatchEvent(Ljava/awt/AWTEvent;)V (34 bytes) @ 0x0000017db866e9a4 [0x0000017db866e380+0x0000000000000624]
J 15497 c2 java.awt.EventDispatchThread.pumpOneEventForFilters(I)V java.desktop@9.0.4 (218 bytes) @ 0x0000017db87e5398 [0x0000017db87e4e00+0x0000000000000598]
J 20030 c1 java.awt.EventDispatchThread.pumpEventsForFilter(ILjava/awt/Conditional;Ljava/awt/EventFilter;)V java.desktop@9.0.4 (47 bytes) @ 0x0000017db268550c [0x0000017db2685220+0x00000000000002ec]
j  java.awt.EventDispatchThread.pumpEventsForFilter(Ljava/awt/Conditional;Ljava/awt/EventFilter;)V+4 java.desktop@9.0.4
j  java.awt.WaitDispatchSupport$2.run()V+59 java.desktop@9.0.4
j  java.awt.WaitDispatchSupport$4.run()Ljava/lang/Void;+4 java.desktop@9.0.4
j  java.awt.WaitDispatchSupport$4.run()Ljava/lang/Object;+1 java.desktop@9.0.4
v  ~StubRoutines::call_stub
J 1009  java.security.AccessController.doPrivileged(Ljava/security/PrivilegedAction;)Ljava/lang/Object; java.base@9.0.4 (0 bytes) @ 0x0000017db8196f32 [0x0000017db8196ee0+0x0000000000000052]
j  java.awt.WaitDispatchSupport.enter()Z+260 java.desktop@9.0.4
j  java.awt.Dialog.show()V+225 java.desktop@9.0.4
J 9205 c1 java.awt.Component.setVisible(Z)V java.desktop@9.0.4 (6 bytes) @ 0x0000017db0e69bcc [0x0000017db0e699e0+0x00000000000001ec]
j  java.awt.Window.setVisible(Z)V+2 java.desktop@9.0.4
j  java.awt.Dialog.setVisible(Z)V+2 java.desktop@9.0.4
j  ui.b.c.g.setVisible(Z)V+2
j  ui.b.c.by.showDialog()V+64
j  ui.b.c.bF.actionPerformed(Ljava/awt/event/ActionEvent;)V+8
j  ui.b.c.by.cJI()V+396
j  ui.views.c.t.b.a.run()V+60
j  ui.frmwork.a.dWF()Z+66
j  ui.frmwork.V.dYl()V+42
j  ui.bk.actionPerformed(Ljava/awt/event/ActionEvent;)V+25
j  javax.swing.AbstractButton.fireActionPerformed(Ljava/awt/event/ActionEvent;)V+84 java.desktop@9.0.4
j  ui.utils.o.b.B.fireActionPerformed(Ljava/awt/event/ActionEvent;)V+7
j  javax.swing.AbstractButton$Handler.actionPerformed(Ljava/awt/event/ActionEvent;)V+5 java.desktop@9.0.4
j  javax.swing.DefaultButtonModel.fireActionPerformed(Ljava/awt/event/ActionEvent;)V+34 java.desktop@9.0.4
j  javax.swing.DefaultButtonModel.setPressed(Z)V+117 java.desktop@9.0.4
j  javax.swing.plaf.basic.BasicButtonListener.mouseReleased(Ljava/awt/event/MouseEvent;)V+35 java.desktop@9.0.4
j  com.jidesoft.plaf.basic.BasicJideButtonListener.mouseReleased(Ljava/awt/event/MouseEvent;)V+61
J 17303 c1 java.awt.AWTEventMulticaster.mouseReleased(Ljava/awt/event/MouseEvent;)V java.desktop@9.0.4 (27 bytes) @ 0x0000017db1e29c0c [0x0000017db1e29a00+0x000000000000020c]
J 17303 c1 java.awt.AWTEventMulticaster.mouseReleased(Ljava/awt/event/MouseEvent;)V java.desktop@9.0.4 (27 bytes) @ 0x0000017db1e29c0c [0x0000017db1e29a00+0x000000000000020c]
J 17303 c1 java.awt.AWTEventMulticaster.mouseReleased(Ljava/awt/event/MouseEvent;)V java.desktop@9.0.4 (27 bytes) @ 0x0000017db1e29c0c [0x0000017db1e29a00+0x000000000000020c]
J 17303 c1 java.awt.AWTEventMulticaster.mouseReleased(Ljava/awt/event/MouseEvent;)V java.desktop@9.0.4 (27 bytes) @ 0x0000017db1e29c0c [0x0000017db1e29a00+0x000000000000020c]
J 15253 c1 java.awt.Component.processMouseEvent(Ljava/awt/event/MouseEvent;)V java.desktop@9.0.4 (100 bytes) @ 0x0000017db2f5a9b4 [0x0000017db2f5a620+0x0000000000000394]
J 15252 c1 javax.swing.JComponent.processMouseEvent(Ljava/awt/event/MouseEvent;)V java.desktop@9.0.4 (27 bytes) @ 0x0000017db2f5a16c [0x0000017db2f59f60+0x000000000000020c]
J 12713 c2 java.awt.Container.processEvent(Ljava/awt/AWTEvent;)V java.desktop@9.0.4 (22 bytes) @ 0x0000017db8b62fc0 [0x0000017db8b62ea0+0x0000000000000120]
J 19144 c2 java.awt.Component.dispatchEventImpl(Ljava/awt/AWTEvent;)V java.desktop@9.0.4 (739 bytes) @ 0x0000017db8303668 [0x0000017db8302f40+0x0000000000000728]
J 20218 c2 java.awt.Container.dispatchEventImpl(Ljava/awt/AWTEvent;)V java.desktop@9.0.4 (129 bytes) @ 0x0000017db8ec0b18 [0x0000017db8ec0ac0+0x0000000000000058]
J 18725 c2 java.awt.LightweightDispatcher.retargetMouseEvent(Ljava/awt/Component;ILjava/awt/event/MouseEvent;)V java.desktop@9.0.4 (350 bytes) @ 0x0000017db91d11c8 [0x0000017db91d0c60+0x0000000000000568]
J 19346 c2 java.awt.LightweightDispatcher.processMouseEvent(Ljava/awt/event/MouseEvent;)Z java.desktop@9.0.4 (265 bytes) @ 0x0000017db8841c18 [0x0000017db8841440+0x00000000000007d8]
J 20218 c2 java.awt.Container.dispatchEventImpl(Ljava/awt/AWTEvent;)V java.desktop@9.0.4 (129 bytes) @ 0x0000017db8ec0ed0 [0x0000017db8ec0ac0+0x0000000000000410]
J 19109 c2 java.awt.Window.dispatchEventImpl(Ljava/awt/AWTEvent;)V java.desktop@9.0.4 (23 bytes) @ 0x0000017db929398c [0x0000017db9293940+0x000000000000004c]
J 13616 c2 java.awt.EventQueue$3.run()Ljava/lang/Object; java.desktop@9.0.4 (5 bytes) @ 0x0000017db8726e3c [0x0000017db8726c80+0x00000000000001bc]
v  ~StubRoutines::call_stub
J 4293  java.security.AccessController.doPrivileged(Ljava/security/PrivilegedAction;Ljava/security/AccessControlContext;)Ljava/lang/Object; java.base@9.0.4 (0 bytes) @ 0x0000017db81752c6 [0x0000017db8175260+0x0000000000000066]
J 15242 c2 java.awt.EventQueue$4.run()Ljava/lang/Object; java.desktop@9.0.4 (5 bytes) @ 0x0000017db8e8f1c0 [0x0000017db8e8ef60+0x0000000000000260]
v  ~StubRoutines::call_stub
J 4293  java.security.AccessController.doPrivileged(Ljava/security/PrivilegedAction;Ljava/security/AccessControlContext;)Ljava/lang/Object; java.base@9.0.4 (0 bytes) @ 0x0000017db81752c6 [0x0000017db8175260+0x0000000000000066]
J 13583 c2 ui.frmwork.b.d.dispatchEvent(Ljava/awt/AWTEvent;)V (34 bytes) @ 0x0000017db866e7cc [0x0000017db866e380+0x000000000000044c]
J 15497 c2 java.awt.EventDispatchThread.pumpOneEventForFilters(I)V java.desktop@9.0.4 (218 bytes) @ 0x0000017db87e5398 [0x0000017db87e4e00+0x0000000000000598]
J 19992% c1 java.awt.EventDispatchThread.pumpEventsForFilter(ILjava/awt/Conditional;Ljava/awt/EventFilter;)V java.desktop@9.0.4 (47 bytes) @ 0x0000017db24580e4 [0x0000017db2457da0+0x0000000000000344]
j  java.awt.EventDispatchThread.pumpEventsForHierarchy(ILjava/awt/Conditional;Ljava/awt/Component;)V+11 java.desktop@9.0.4
j  java.awt.EventDispatchThread.pumpEvents(ILjava/awt/Conditional;)V+4 java.desktop@9.0.4
j  java.awt.EventDispatchThread.pumpEvents(Ljava/awt/Conditional;)V+3 java.desktop@9.0.4
j  java.awt.EventDispatchThread.run()V+9 java.desktop@9.0.4
v  ~StubRoutines::call_stub

siginfo: EXCEPTION_ACCESS_VIOLATION (0xc0000005), data execution prevention violation at address 0x00007ffd33533370


Register to memory mapping:

RIP=0x00007ffd33533370 is an unknown value
RAX=0x00007ffd334d85e0 is an unknown value
RBX=0x00000060bd8f3900 is pointing into the stack for thread: 0x0000017da702d000
RCX=0x0000017dd68a2e50 is an unknown value
RDX=0x0000017dd6af2530 is an unknown value
RSP=0x00000060bd8f3798 is pointing into the stack for thread: 0x0000017da702d000
RBP=0x00000060bd8f38c0 is pointing into the stack for thread: 0x0000017da702d000
RSI=0x0000017dd6af2530 is an unknown value
RDI=0x0000017dd68a2e50 is an unknown value
R8 =0x00000060bd8f38c0 is pointing into the stack for thread: 0x0000017da702d000
R9 =0x00000060bd8f3900 is pointing into the stack for thread: 0x0000017da702d000
R10=0x0000017dd6af2540 is an unknown value
R11=0x0000017dd68ab810 is an unknown value
R12=0x0000000000000000 is an unknown value
R13=0x0000000000000000 is an unknown value
R14=0x0000017dd6af2530 is an unknown value
R15=0x0000000000000001 is an unknown value


Registers:
RAX=0x00007ffd334d85e0, RBX=0x00000060bd8f3900, RCX=0x0000017dd68a2e50, RDX=0x0000017dd6af2530
RSP=0x00000060bd8f3798, RBP=0x00000060bd8f38c0, RSI=0x0000017dd6af2530, RDI=0x0000017dd68a2e50
R8 =0x00000060bd8f38c0, R9 =0x00000060bd8f3900, R10=0x0000017dd6af2540, R11=0x0000017dd68ab810
R12=0x0000000000000000, R13=0x0000000000000000, R14=0x0000017dd6af2530, R15=0x0000000000000001
RIP=0x00007ffd33533370, EFLAGS=0x0000000000010202

Top of Stack: (sp=0x00000060bd8f3798)
0x00000060bd8f3798:   00007ffd3320eedc 0000017d00000000
0x00000060bd8f37a8:   0000017d9c92f780 0000017da702d000
0x00000060bd8f37b8:   0000017d9c920000 0000017d9c9202a4
0x00000060bd8f37c8:   00000060bd8f3900 00000060bd8f38c0
0x00000060bd8f37d8:   0000017dd6af2530 fffffffffffffffe
0x00000060bd8f37e8:   0000000000000000 0000000000000008
0x00000060bd8f37f8:   0000000000000000 0000000000000000
0x00000060bd8f3808:   0000000000000001 0000000000000010
0x00000060bd8f3818:   00000060bd8f38d9 0000017d9c820000
0x00000060bd8f3828:   00007ffdba45ba17 0000017d9c920000
0x00000060bd8f3838:   000000000000000b 0000000000000008
0x00000060bd8f3848:   0000010200000000 00000fd336e9e0b5
0x00000060bd8f3858:   0000010200000100 0000017dd68ab810
0x00000060bd8f3868:   00000060bd8f39d8 0000017dd951b920
0x00000060bd8f3878:   00000060bd8f3909 00000060bd8f39c0
0x00000060bd8f3888:   00007ffd33205fc7 000000000000004f 

Instructions: (pc=0x00007ffd33533370)
0x00007ffd33533350:   00 00 00 00 ff ff ff ff 00 00 00 00 40 00 00 00
0x00007ffd33533360:   20 33 45 00 00 00 00 00 00 00 00 00 00 00 00 00
0x00007ffd33533370:   01 00 00 00 00 00 00 00 00 00 00 00 10 8a 58 00
0x00007ffd33533380:   98 33 45 00 70 33 45 00 00 00 00 00 00 00 00 00 



---------------  P R O C E S S  ---------------

Java Threads: ( => current thread )
  0x0000017da6b96000 JavaThread "Relaunch Simulation" [_thread_blocked, id=8340, stack(0x00000060c0100000,0x00000060c0600000)]
  0x0000017da6b9f000 JavaThread "SyntheticaAnimation 50" daemon [_thread_blocked, id=5416, stack(0x00000060c2200000,0x00000060c2700000)]
  0x0000017da6b97800 JavaThread "Image Animator 0" daemon [_thread_blocked, id=5952, stack(0x00000060c1d00000,0x00000060c2200000)]
  0x0000017da6b9c800 JavaThread "Update Runs Swing Worker" [_thread_blocked, id=14684, stack(0x00000060c0e00000,0x00000060c1300000)]
  0x0000017da6b9c000 JavaThread "hw_ila_monitor" [_thread_blocked, id=13520, stack(0x00000060bfa00000,0x00000060bff00000)]
  0x0000017da6b99000 JavaThread "Refresh Filesets Swing Worker" [_thread_blocked, id=3584, stack(0x00000060beb00000,0x00000060bf000000)]
  0x0000017da6b98000 JavaThread "SyntheticaAnimation 70" daemon [_thread_blocked, id=8052, stack(0x00000060bf500000,0x00000060bfa00000)]
  0x0000017da704c800 JavaThread "SyntheticaAnimation 25" daemon [_thread_blocked, id=10796, stack(0x00000060bc000000,0x00000060bc500000)]
  0x0000017da704c000 JavaThread "SyntheticaAnimation 50" daemon [_thread_blocked, id=15324, stack(0x00000060be600000,0x00000060beb00000)]
  0x0000017da704b000 JavaThread "Monitor HEventQueue" [_thread_blocked, id=8288, stack(0x00000060bd900000,0x00000060bde00000)]
  0x0000017da704e000 JavaThread "SyntheticaCleanerThread" daemon [_thread_blocked, id=8180, stack(0x00000060bde00000,0x00000060be300000)]
  0x0000017da704d800 JavaThread "Batik CleanerThread" daemon [_thread_blocked, id=13688, stack(0x00000060bc500000,0x00000060bca00000)]
=>0x0000017da702d000 JavaThread "AWT-EventQueue-1" [_thread_in_native, id=7724, stack(0x00000060bd400000,0x00000060bd900000)]
  0x0000017da702b800 JavaThread "AWT-Shutdown" [_thread_blocked, id=8940, stack(0x00000060bcf00000,0x00000060bd400000)]
  0x0000017dca84f000 JavaThread "Process Messages" [_thread_blocked, id=9148, stack(0x00000060bca00000,0x00000060bcf00000)]
  0x0000017da6907800 JavaThread "Thread-1" [_thread_in_native, id=10824, stack(0x00000060b5800000,0x00000060b6c00000)]
  0x0000017da68c1800 JavaThread "TimerQueue" daemon [_thread_blocked, id=12960, stack(0x00000060bb600000,0x00000060bbb00000)]
  0x0000017da68c2000 JavaThread "AWT-Windows" daemon [_thread_in_native, id=11524, stack(0x00000060bbb00000,0x00000060bc000000)]
  0x0000017da6608800 JavaThread "Java2D Disposer" daemon [_thread_blocked, id=8932, stack(0x00000060bb100000,0x00000060bb600000)]
  0x0000017da0e83000 JavaThread "Service Thread" daemon [_thread_blocked, id=9296, stack(0x00000060bab00000,0x00000060bb000000)]
  0x0000017da0d9c800 JavaThread "Common-Cleaner" daemon [_thread_blocked, id=3216, stack(0x00000060ba600000,0x00000060bab00000)]
  0x0000017da0d82000 JavaThread "Sweeper thread" daemon [_thread_blocked, id=4516, stack(0x00000060ba100000,0x00000060ba600000)]
  0x0000017da0d81800 JavaThread "C1 CompilerThread3" daemon [_thread_blocked, id=14156, stack(0x00000060ba000000,0x00000060ba100000)]
  0x0000017da0d80000 JavaThread "C2 CompilerThread2" daemon [_thread_blocked, id=396, stack(0x00000060b9f00000,0x00000060ba000000)]
  0x0000017da0d7b000 JavaThread "C2 CompilerThread1" daemon [_thread_blocked, id=3828, stack(0x00000060b9e00000,0x00000060b9f00000)]
  0x0000017da0d7a000 JavaThread "C2 CompilerThread0" daemon [_thread_blocked, id=10792, stack(0x00000060b9d00000,0x00000060b9e00000)]
  0x0000017da0d79000 JavaThread "Attach Listener" daemon [_thread_blocked, id=908, stack(0x00000060b9800000,0x00000060b9d00000)]
  0x0000017da8291000 JavaThread "Signal Dispatcher" daemon [_thread_blocked, id=13684, stack(0x00000060b9300000,0x00000060b9800000)]
  0x0000017da3d4a800 JavaThread "Finalizer" daemon [_thread_blocked, id=14076, stack(0x00000060b8e00000,0x00000060b9300000)]
  0x0000017da3d49000 JavaThread "Reference Handler" daemon [_thread_blocked, id=3972, stack(0x00000060b8900000,0x00000060b8e00000)]
  0x0000017da9332800 JavaThread "main" [_thread_blocked, id=3852, stack(0x00000060b5700000,0x00000060b5800000)]

Other Threads:
  0x0000017da3d37800 VMThread "VM Thread" [stack: 0x00000060b8800000,0x00000060b8900000] [id=15628]
  0x0000017da5bf2800 WatcherThread [stack: 0x00000060bb000000,0x00000060bb100000] [id=3648]
  0x0000017da843a800 GCTaskThread "GC Thread#0" [stack: 0x00000060b6f00000,0x00000060b7000000] [id=16380]
  0x0000017da5c36800 GCTaskThread "GC Thread#1" [stack: 0x00000060b7000000,0x00000060b7100000] [id=10864]
  0x0000017da5c37800 GCTaskThread "GC Thread#2" [stack: 0x00000060b7100000,0x00000060b7200000] [id=13848]
  0x0000017da85ca000 GCTaskThread "GC Thread#3" [stack: 0x00000060b7200000,0x00000060b7300000] [id=12168]
  0x0000017da63af800 GCTaskThread "GC Thread#4" [stack: 0x00000060b7300000,0x00000060b7400000] [id=16508]
  0x0000017da63b0800 GCTaskThread "GC Thread#5" [stack: 0x00000060b7400000,0x00000060b7500000] [id=13336]
  0x0000017da561c800 GCTaskThread "GC Thread#6" [stack: 0x00000060b7500000,0x00000060b7600000] [id=9504]
  0x0000017da561d800 GCTaskThread "GC Thread#7" [stack: 0x00000060b7600000,0x00000060b7700000] [id=4956]
  0x0000017da913f000 GCTaskThread "GC Thread#8" [stack: 0x00000060b7700000,0x00000060b7800000] [id=13740]
  0x0000017da607c800 GCTaskThread "GC Thread#9" [stack: 0x00000060b7800000,0x00000060b7900000] [id=11900]
  0x0000017da5fd3800 ConcurrentGCThread "G1 Main Marker" [stack: 0x00000060b8400000,0x00000060b8500000] [id=13512]
  0x0000017da39fa800 ConcurrentGCThread "G1 Marker#0" [stack: 0x00000060b8500000,0x00000060b8600000] [id=7620]
  0x0000017da5600800 ConcurrentGCThread "G1 Marker#1" [stack: 0x00000060b8600000,0x00000060b8700000] [id=2736]
  0x0000017da5605000 ConcurrentGCThread "G1 Marker#2" [stack: 0x00000060b8700000,0x00000060b8800000] [id=11584]
  0x0000017da8b42800 ConcurrentGCThread "G1 Refine#0" [stack: 0x00000060b8200000,0x00000060b8300000] [id=12308]
  0x0000017da8b42000 ConcurrentGCThread "G1 Refine#1" [stack: 0x00000060b8100000,0x00000060b8200000] [id=2124]
  0x0000017da8b41800 ConcurrentGCThread "G1 Refine#2" [stack: 0x00000060b8000000,0x00000060b8100000] [id=3840]
  0x0000017da8b40800 ConcurrentGCThread "G1 Refine#3" [stack: 0x00000060b7f00000,0x00000060b8000000] [id=14340]
  0x0000017da5bab000 ConcurrentGCThread "G1 Refine#4" [stack: 0x00000060b7e00000,0x00000060b7f00000] [id=12916]
  0x0000017da8b4e000 ConcurrentGCThread "G1 Refine#5" [stack: 0x00000060b7d00000,0x00000060b7e00000] [id=9292]
  0x0000017da8b4d000 ConcurrentGCThread "G1 Refine#6" [stack: 0x00000060b7c00000,0x00000060b7d00000] [id=7640]
  0x0000017da8b4c800 ConcurrentGCThread "G1 Refine#7" [stack: 0x00000060b7b00000,0x00000060b7c00000] [id=2064]
  0x0000017da5d1c000 ConcurrentGCThread "G1 Refine#8" [stack: 0x00000060b7a00000,0x00000060b7b00000] [id=13096]
  0x0000017da4127000 ConcurrentGCThread "G1 Refine#9" [stack: 0x00000060b7900000,0x00000060b7a00000] [id=3008]
  0x0000017da7f95800 ConcurrentGCThread "G1 Young RemSet Sampling" [stack: 0x00000060b8300000,0x00000060b8400000] [id=1624]

Threads with active compile tasks:

VM state:not at safepoint (normal execution)

VM Mutex/Monitor currently owned by a thread: None

Heap address: 0x0000000700000000, size: 3072 MB, Compressed Oops mode: Zero based, Oop shift amount: 3
Narrow klass base: 0x0000000000000000, Narrow klass shift: 3
Compressed class space size: 1073741824 Address: 0x00000007c0000000

Heap:
 garbage-first heap   total 221184K, used 124294K [0x0000000700000000, 0x00000007001006c0, 0x00000007c0000000)
  region size 1024K, 58 young (59392K), 1 survivors (1024K)
 Metaspace       used 83628K, capacity 89637K, committed 89776K, reserved 1126400K
  class space    used 11380K, capacity 12433K, committed 12464K, reserved 1048576K
Heap Regions: E=young(eden), S=young(survivor), O=old, HS=humongous(starts), HC=humongous(continues), CS=collection set, F=free, A=archive, TS=gc time stamp, AC=allocation context, TAMS=top-at-mark-start (previous, next)
|   0|0x0000000700000000, 0x00000007000eb230, 0x0000000700100000| 91%| O|  |TS  0|AC  0|TAMS 0x0000000700000000, 0x0000000700000000|
|   1|0x0000000700100000, 0x0000000700200000, 0x0000000700200000|100%|HS|  |TS  0|AC  0|TAMS 0x0000000700100000, 0x0000000700100000|
|   2|0x0000000700200000, 0x0000000700300000, 0x0000000700300000|100%|HC|  |TS  0|AC  0|TAMS 0x0000000700200000, 0x0000000700200000|
|   3|0x0000000700300000, 0x0000000700400000, 0x0000000700400000|100%|HS|  |TS  0|AC  0|TAMS 0x0000000700300000, 0x0000000700300000|
|   4|0x0000000700400000, 0x00000007004e3628, 0x0000000700500000| 88%| O|  |TS  0|AC  0|TAMS 0x0000000700400000, 0x0000000700400000|
|   5|0x0000000700500000, 0x00000007005fffb8, 0x0000000700600000| 99%| O|  |TS  0|AC  0|TAMS 0x0000000700500000, 0x0000000700500000|
|   6|0x0000000700600000, 0x0000000700700000, 0x0000000700700000|100%| O|  |TS  0|AC  0|TAMS 0x0000000700600000, 0x0000000700600000|
|   7|0x0000000700700000, 0x0000000700800000, 0x0000000700800000|100%| O|  |TS  0|AC  0|TAMS 0x0000000700700000, 0x0000000700700000|
|   8|0x0000000700800000, 0x00000007008ffff8, 0x0000000700900000| 99%| O|  |TS  0|AC  0|TAMS 0x0000000700800000, 0x0000000700800000|
|   9|0x0000000700900000, 0x00000007009ff6a0, 0x0000000700a00000| 99%| O|  |TS  0|AC  0|TAMS 0x0000000700900000, 0x0000000700900000|
|  10|0x0000000700a00000, 0x0000000700afffe8, 0x0000000700b00000| 99%| O|  |TS  0|AC  0|TAMS 0x0000000700a00000, 0x0000000700a00000|
|  11|0x0000000700b00000, 0x0000000700bc3498, 0x0000000700c00000| 76%| O|  |TS  0|AC  0|TAMS 0x0000000700b00000, 0x0000000700b00000|
|  12|0x0000000700c00000, 0x0000000700cfff60, 0x0000000700d00000| 99%| O|  |TS  0|AC  0|TAMS 0x0000000700c00000, 0x0000000700c00000|
|  13|0x0000000700d00000, 0x0000000700dedf50, 0x0000000700e00000| 92%| O|  |TS  0|AC  0|TAMS 0x0000000700d00000, 0x0000000700d00000|
|  14|0x0000000700e00000, 0x0000000700f00000, 0x0000000700f00000|100%| O|  |TS  0|AC  0|TAMS 0x0000000700e00000, 0x0000000700e00000|
|  15|0x0000000700f00000, 0x0000000701000000, 0x0000000701000000|100%| O|  |TS  0|AC  0|TAMS 0x0000000700f00000, 0x0000000700f00000|
|  16|0x0000000701000000, 0x0000000701100000, 0x0000000701100000|100%| O|  |TS  0|AC  0|TAMS 0x0000000701000000, 0x0000000701000000|
|  17|0x0000000701100000, 0x00000007011ffff8, 0x0000000701200000| 99%| O|  |TS  0|AC  0|TAMS 0x0000000701100000, 0x0000000701100000|
|  18|0x0000000701200000, 0x00000007012ffff8, 0x0000000701300000| 99%| O|  |TS  0|AC  0|TAMS 0x0000000701200000, 0x0000000701200000|
|  19|0x0000000701300000, 0x00000007013f7398, 0x0000000701400000| 96%| O|  |TS  0|AC  0|TAMS 0x0000000701300000, 0x0000000701300000|
|  20|0x0000000701400000, 0x00000007014ffc20, 0x0000000701500000| 99%| O|  |TS  0|AC  0|TAMS 0x0000000701400000, 0x0000000701400000|
|  21|0x0000000701500000, 0x00000007015fffb0, 0x0000000701600000| 99%| O|  |TS  0|AC  0|TAMS 0x0000000701500000, 0x0000000701500000|
|  22|0x0000000701600000, 0x0000000701700000, 0x0000000701700000|100%| O|  |TS  0|AC  0|TAMS 0x0000000701600000, 0x0000000701600000|
|  23|0x0000000701700000, 0x00000007017ffed8, 0x0000000701800000| 99%| O|  |TS  0|AC  0|TAMS 0x0000000701700000, 0x0000000701700000|
|  24|0x0000000701800000, 0x00000007018fffb0, 0x0000000701900000| 99%| O|  |TS  0|AC  0|TAMS 0x0000000701800000, 0x0000000701800000|
|  25|0x0000000701900000, 0x00000007019fff98, 0x0000000701a00000| 99%| O|  |TS  0|AC  0|TAMS 0x0000000701900000, 0x0000000701900000|
|  26|0x0000000701a00000, 0x0000000701affe50, 0x0000000701b00000| 99%| O|  |TS  0|AC  0|TAMS 0x0000000701a00000, 0x0000000701a00000|
|  27|0x0000000701b00000, 0x0000000701c00000, 0x0000000701c00000|100%| O|  |TS  0|AC  0|TAMS 0x0000000701b00000, 0x0000000701b00000|
|  28|0x0000000701c00000, 0x0000000701cfff20, 0x0000000701d00000| 99%| O|  |TS  0|AC  0|TAMS 0x0000000701c00000, 0x0000000701c00000|
|  29|0x0000000701d00000, 0x0000000701dffff0, 0x0000000701e00000| 99%| O|  |TS  0|AC  0|TAMS 0x0000000701d00000, 0x0000000701d00000|
|  30|0x0000000701e00000, 0x0000000701effd98, 0x0000000701f00000| 99%| O|  |TS  0|AC  0|TAMS 0x0000000701e00000, 0x0000000701e00000|
|  31|0x0000000701f00000, 0x0000000701fffec0, 0x0000000702000000| 99%| O|  |TS  0|AC  0|TAMS 0x0000000701f00000, 0x0000000701f00000|
|  32|0x0000000702000000, 0x00000007020ffff8, 0x0000000702100000| 99%| O|  |TS  0|AC  0|TAMS 0x0000000702000000, 0x0000000702000000|
|  33|0x0000000702100000, 0x00000007021fffe0, 0x0000000702200000| 99%| O|  |TS  0|AC  0|TAMS 0x0000000702100000, 0x0000000702100000|
|  34|0x0000000702200000, 0x00000007022f7328, 0x0000000702300000| 96%| O|  |TS  0|AC  0|TAMS 0x0000000702200000, 0x0000000702200000|
|  35|0x0000000702300000, 0x00000007023ffff8, 0x0000000702400000| 99%| O|  |TS  0|AC  0|TAMS 0x0000000702300000, 0x0000000702300000|
|  36|0x0000000702400000, 0x00000007024fffd8, 0x0000000702500000| 99%| O|  |TS  0|AC  0|TAMS 0x0000000702400000, 0x0000000702400000|
|  37|0x0000000702500000, 0x0000000702600000, 0x0000000702600000|100%| O|  |TS  0|AC  0|TAMS 0x0000000702500000, 0x0000000702500000|
|  38|0x0000000702600000, 0x00000007026ffff8, 0x0000000702700000| 99%| O|  |TS  0|AC  0|TAMS 0x0000000702600000, 0x0000000702600000|
|  39|0x0000000702700000, 0x00000007027fff68, 0x0000000702800000| 99%| O|  |TS  0|AC  0|TAMS 0x0000000702700000, 0x0000000702700000|
|  40|0x0000000702800000, 0x00000007028ffff0, 0x0000000702900000| 99%| O|  |TS  0|AC  0|TAMS 0x0000000702800000, 0x0000000702800000|
|  41|0x0000000702900000, 0x00000007029fffc8, 0x0000000702a00000| 99%| O|  |TS  0|AC  0|TAMS 0x0000000702900000, 0x0000000702900000|
|  42|0x0000000702a00000, 0x0000000702affff0, 0x0000000702b00000| 99%| O|  |TS  0|AC  0|TAMS 0x0000000702a00000, 0x0000000702a00000|
|  43|0x0000000702b00000, 0x0000000702bffea8, 0x0000000702c00000| 99%| O|  |TS  0|AC  0|TAMS 0x0000000702b00000, 0x0000000702b00000|
|  44|0x0000000702c00000, 0x0000000702cffff8, 0x0000000702d00000| 99%| O|  |TS  0|AC  0|TAMS 0x0000000702c00000, 0x0000000702c00000|
|  45|0x0000000702d00000, 0x0000000702e00000, 0x0000000702e00000|100%|HS|  |TS  0|AC  0|TAMS 0x0000000702d00000, 0x0000000702d00000|
|  46|0x0000000702e00000, 0x0000000702f00000, 0x0000000702f00000|100%|HC|  |TS  0|AC  0|TAMS 0x0000000702e00000, 0x0000000702e00000|
|  47|0x0000000702f00000, 0x0000000703000000, 0x0000000703000000|100%|HC|  |TS  0|AC  0|TAMS 0x0000000702f00000, 0x0000000702f00000|
|  48|0x0000000703000000, 0x0000000703100000, 0x0000000703100000|100%|HC|  |TS  0|AC  0|TAMS 0x0000000703000000, 0x0000000703000000|
|  49|0x0000000703100000, 0x0000000703200000, 0x0000000703200000|100%|HC|  |TS  0|AC  0|TAMS 0x0000000703100000, 0x0000000703100000|
|  50|0x0000000703200000, 0x0000000703300000, 0x0000000703300000|100%|HC|  |TS  0|AC  0|TAMS 0x0000000703200000, 0x0000000703200000|
|  51|0x0000000703300000, 0x0000000703400000, 0x0000000703400000|100%|HC|  |TS  0|AC  0|TAMS 0x0000000703300000, 0x0000000703300000|
|  52|0x0000000703400000, 0x0000000703500000, 0x0000000703500000|100%|HC|  |TS  0|AC  0|TAMS 0x0000000703400000, 0x0000000703400000|
|  53|0x0000000703500000, 0x00000007035fffe8, 0x0000000703600000| 99%| O|  |TS  0|AC  0|TAMS 0x0000000703500000, 0x0000000703500000|
|  54|0x0000000703600000, 0x00000007036ffff8, 0x0000000703700000| 99%| O|  |TS  0|AC  0|TAMS 0x0000000703600000, 0x0000000703600000|
|  55|0x0000000703700000, 0x00000007037ffb40, 0x0000000703800000| 99%| O|  |TS  0|AC  0|TAMS 0x0000000703700000, 0x0000000703700000|
|  56|0x0000000703800000, 0x0000000703900000, 0x0000000703900000|100%| O|  |TS  0|AC  0|TAMS 0x0000000703800000, 0x0000000703800000|
|  57|0x0000000703900000, 0x00000007039ffff0, 0x0000000703a00000| 99%| O|  |TS  0|AC  0|TAMS 0x0000000703900000, 0x0000000703900000|
|  58|0x0000000703a00000, 0x0000000703afffe8, 0x0000000703b00000| 99%| O|  |TS  0|AC  0|TAMS 0x0000000703a00000, 0x0000000703a00000|
|  59|0x0000000703b00000, 0x0000000703bffff0, 0x0000000703c00000| 99%| O|  |TS  0|AC  0|TAMS 0x0000000703b00000, 0x0000000703b00000|
|  60|0x0000000703c00000, 0x0000000703cff500, 0x0000000703d00000| 99%| O|  |TS  0|AC  0|TAMS 0x0000000703c00000, 0x0000000703c00000|
|  61|0x0000000703d00000, 0x0000000703dfff00, 0x0000000703e00000| 99%| O|  |TS  0|AC  0|TAMS 0x0000000703d00000, 0x0000000703d00000|
|  62|0x0000000703e00000, 0x0000000703e47bb0, 0x0000000703f00000| 28%| O|  |TS  0|AC  0|TAMS 0x0000000703e00000, 0x0000000703e00000|
|  63|0x0000000703f00000, 0x0000000703f00000, 0x0000000704000000|  0%| F|  |TS  0|AC  0|TAMS 0x0000000703f00000, 0x0000000703f00000|
|  64|0x0000000704000000, 0x0000000704000000, 0x0000000704100000|  0%| F|  |TS  0|AC  0|TAMS 0x0000000704000000, 0x0000000704000000|
|  65|0x0000000704100000, 0x0000000704100000, 0x0000000704200000|  0%| F|  |TS  0|AC  0|TAMS 0x0000000704100000, 0x0000000704100000|
|  66|0x0000000704200000, 0x0000000704300000, 0x0000000704300000|100%|HS|  |TS  0|AC  0|TAMS 0x0000000704200000, 0x0000000704200000|
|  67|0x0000000704300000, 0x0000000704400000, 0x0000000704400000|100%|HC|  |TS  0|AC  0|TAMS 0x0000000704300000, 0x0000000704300000|
|  68|0x0000000704400000, 0x0000000704500000, 0x0000000704500000|100%|HC|  |TS  0|AC  0|TAMS 0x0000000704400000, 0x0000000704400000|
|  69|0x0000000704500000, 0x0000000704500000, 0x0000000704600000|  0%| F|  |TS  0|AC  0|TAMS 0x0000000704500000, 0x0000000704500000|
|  70|0x0000000704600000, 0x0000000704600000, 0x0000000704700000|  0%| F|  |TS  0|AC  0|TAMS 0x0000000704600000, 0x0000000704600000|
|  71|0x0000000704700000, 0x0000000704700000, 0x0000000704800000|  0%| F|  |TS  0|AC  0|TAMS 0x0000000704700000, 0x0000000704700000|
|  72|0x0000000704800000, 0x0000000704800000, 0x0000000704900000|  0%| F|  |TS  0|AC  0|TAMS 0x0000000704800000, 0x0000000704800000|
|  73|0x0000000704900000, 0x0000000704900000, 0x0000000704a00000|  0%| F|  |TS  0|AC  0|TAMS 0x0000000704900000, 0x0000000704900000|
|  74|0x0000000704a00000, 0x0000000704a00000, 0x0000000704b00000|  0%| F|  |TS  0|AC  0|TAMS 0x0000000704a00000, 0x0000000704a00000|
|  75|0x0000000704b00000, 0x0000000704b00000, 0x0000000704c00000|  0%| F|  |TS  0|AC  0|TAMS 0x0000000704b00000, 0x0000000704b00000|
|  76|0x0000000704c00000, 0x0000000704c00000, 0x0000000704d00000|  0%| F|  |TS  0|AC  0|TAMS 0x0000000704c00000, 0x0000000704c00000|
|  77|0x0000000704d00000, 0x0000000704d00000, 0x0000000704e00000|  0%| F|  |TS  0|AC  0|TAMS 0x0000000704d00000, 0x0000000704d00000|
|  78|0x0000000704e00000, 0x0000000704e00000, 0x0000000704f00000|  0%| F|  |TS  0|AC  0|TAMS 0x0000000704e00000, 0x0000000704e00000|
|  79|0x0000000704f00000, 0x0000000704f00000, 0x0000000705000000|  0%| F|  |TS  0|AC  0|TAMS 0x0000000704f00000, 0x0000000704f00000|
|  80|0x0000000705000000, 0x0000000705000000, 0x0000000705100000|  0%| F|  |TS  0|AC  0|TAMS 0x0000000705000000, 0x0000000705000000|
|  81|0x0000000705100000, 0x0000000705100000, 0x0000000705200000|  0%| F|  |TS  0|AC  0|TAMS 0x0000000705100000, 0x0000000705100000|
|  82|0x0000000705200000, 0x0000000705200000, 0x0000000705300000|  0%| F|  |TS  0|AC  0|TAMS 0x0000000705200000, 0x0000000705200000|
|  83|0x0000000705300000, 0x0000000705300000, 0x0000000705400000|  0%| F|  |TS  0|AC  0|TAMS 0x0000000705300000, 0x0000000705300000|
|  84|0x0000000705400000, 0x0000000705400000, 0x0000000705500000|  0%| F|  |TS  0|AC  0|TAMS 0x0000000705400000, 0x0000000705400000|
|  85|0x0000000705500000, 0x0000000705500000, 0x0000000705600000|  0%| F|  |TS  0|AC  0|TAMS 0x0000000705500000, 0x0000000705500000|
|  86|0x0000000705600000, 0x0000000705600000, 0x0000000705700000|  0%| F|  |TS  0|AC  0|TAMS 0x0000000705600000, 0x0000000705600000|
|  87|0x0000000705700000, 0x0000000705700000, 0x0000000705800000|  0%| F|  |TS  0|AC  0|TAMS 0x0000000705700000, 0x0000000705700000|
|  88|0x0000000705800000, 0x0000000705800000, 0x0000000705900000|  0%| F|  |TS  0|AC  0|TAMS 0x0000000705800000, 0x0000000705800000|
|  89|0x0000000705900000, 0x0000000705900000, 0x0000000705a00000|  0%| F|  |TS  0|AC  0|TAMS 0x0000000705900000, 0x0000000705900000|
|  90|0x0000000705a00000, 0x0000000705a00000, 0x0000000705b00000|  0%| F|  |TS  0|AC  0|TAMS 0x0000000705a00000, 0x0000000705a00000|
|  91|0x0000000705b00000, 0x0000000705b00000, 0x0000000705c00000|  0%| F|  |TS  0|AC  0|TAMS 0x0000000705b00000, 0x0000000705b00000|
|  92|0x0000000705c00000, 0x0000000705c00000, 0x0000000705d00000|  0%| F|  |TS  0|AC  0|TAMS 0x0000000705c00000, 0x0000000705c00000|
|  93|0x0000000705d00000, 0x0000000705d00000, 0x0000000705e00000|  0%| F|  |TS  0|AC  0|TAMS 0x0000000705d00000, 0x0000000705d00000|
|  94|0x0000000705e00000, 0x0000000705e00000, 0x0000000705f00000|  0%| F|  |TS  0|AC  0|TAMS 0x0000000705e00000, 0x0000000705e00000|
|  95|0x0000000705f00000, 0x0000000705f00000, 0x0000000706000000|  0%| F|  |TS  0|AC  0|TAMS 0x0000000705f00000, 0x0000000705f00000|
|  96|0x0000000706000000, 0x0000000706000000, 0x0000000706100000|  0%| F|  |TS  0|AC  0|TAMS 0x0000000706000000, 0x0000000706000000|
|  97|0x0000000706100000, 0x0000000706100000, 0x0000000706200000|  0%| F|  |TS  0|AC  0|TAMS 0x0000000706100000, 0x0000000706100000|
|  98|0x0000000706200000, 0x0000000706200000, 0x0000000706300000|  0%| F|  |TS  0|AC  0|TAMS 0x0000000706200000, 0x0000000706200000|
|  99|0x0000000706300000, 0x0000000706300000, 0x0000000706400000|  0%| F|  |TS  0|AC  0|TAMS 0x0000000706300000, 0x0000000706300000|
| 100|0x0000000706400000, 0x0000000706400000, 0x0000000706500000|  0%| F|  |TS  0|AC  0|TAMS 0x0000000706400000, 0x0000000706400000|
| 101|0x0000000706500000, 0x0000000706500000, 0x0000000706600000|  0%| F|  |TS  0|AC  0|TAMS 0x0000000706500000, 0x0000000706500000|
| 102|0x0000000706600000, 0x0000000706600000, 0x0000000706700000|  0%| F|  |TS  0|AC  0|TAMS 0x0000000706600000, 0x0000000706600000|
| 103|0x0000000706700000, 0x0000000706700000, 0x0000000706800000|  0%| F|  |TS  0|AC  0|TAMS 0x0000000706700000, 0x0000000706700000|
| 104|0x0000000706800000, 0x0000000706800000, 0x0000000706900000|  0%| F|  |TS  0|AC  0|TAMS 0x0000000706800000, 0x0000000706800000|
| 105|0x0000000706900000, 0x0000000706900000, 0x0000000706a00000|  0%| F|  |TS  0|AC  0|TAMS 0x0000000706900000, 0x0000000706900000|
| 106|0x0000000706a00000, 0x0000000706a00000, 0x0000000706b00000|  0%| F|  |TS  0|AC  0|TAMS 0x0000000706a00000, 0x0000000706a00000|
| 107|0x0000000706b00000, 0x0000000706b00000, 0x0000000706c00000|  0%| F|  |TS  0|AC  0|TAMS 0x0000000706b00000, 0x0000000706b00000|
| 108|0x0000000706c00000, 0x0000000706c00000, 0x0000000706d00000|  0%| F|  |TS  0|AC  0|TAMS 0x0000000706c00000, 0x0000000706c00000|
| 109|0x0000000706d00000, 0x0000000706d00000, 0x0000000706e00000|  0%| F|  |TS  0|AC  0|TAMS 0x0000000706d00000, 0x0000000706d00000|
| 110|0x0000000706e00000, 0x0000000706e00000, 0x0000000706f00000|  0%| F|  |TS  0|AC  0|TAMS 0x0000000706e00000, 0x0000000706e00000|
| 111|0x0000000706f00000, 0x0000000706f00000, 0x0000000707000000|  0%| F|  |TS  0|AC  0|TAMS 0x0000000706f00000, 0x0000000706f00000|
| 112|0x0000000707000000, 0x0000000707000000, 0x0000000707100000|  0%| F|  |TS  0|AC  0|TAMS 0x0000000707000000, 0x0000000707000000|
| 113|0x0000000707100000, 0x0000000707100000, 0x0000000707200000|  0%| F|  |TS  0|AC  0|TAMS 0x0000000707100000, 0x0000000707100000|
| 114|0x0000000707200000, 0x0000000707200000, 0x0000000707300000|  0%| F|  |TS  0|AC  0|TAMS 0x0000000707200000, 0x0000000707200000|
| 115|0x0000000707300000, 0x0000000707300000, 0x0000000707400000|  0%| F|  |TS  0|AC  0|TAMS 0x0000000707300000, 0x0000000707300000|
| 116|0x0000000707400000, 0x0000000707400000, 0x0000000707500000|  0%| F|  |TS  0|AC  0|TAMS 0x0000000707400000, 0x0000000707400000|
| 117|0x0000000707500000, 0x0000000707500000, 0x0000000707600000|  0%| F|  |TS  0|AC  0|TAMS 0x0000000707500000, 0x0000000707500000|
| 118|0x0000000707600000, 0x0000000707600000, 0x0000000707700000|  0%| F|  |TS  0|AC  0|TAMS 0x0000000707600000, 0x0000000707600000|
| 119|0x0000000707700000, 0x0000000707700000, 0x0000000707800000|  0%| F|  |TS  0|AC  0|TAMS 0x0000000707700000, 0x0000000707700000|
| 120|0x0000000707800000, 0x0000000707800000, 0x0000000707900000|  0%| F|  |TS  0|AC  0|TAMS 0x0000000707800000, 0x0000000707800000|
| 121|0x0000000707900000, 0x0000000707900000, 0x0000000707a00000|  0%| F|  |TS  0|AC  0|TAMS 0x0000000707900000, 0x0000000707900000|
| 122|0x0000000707a00000, 0x0000000707a00000, 0x0000000707b00000|  0%| F|  |TS  0|AC  0|TAMS 0x0000000707a00000, 0x0000000707a00000|
| 123|0x0000000707b00000, 0x0000000707b00000, 0x0000000707c00000|  0%| F|  |TS  0|AC  0|TAMS 0x0000000707b00000, 0x0000000707b00000|
| 124|0x0000000707c00000, 0x0000000707c00000, 0x0000000707d00000|  0%| F|  |TS  0|AC  0|TAMS 0x0000000707c00000, 0x0000000707c00000|
| 125|0x0000000707d00000, 0x0000000707d00000, 0x0000000707e00000|  0%| F|  |TS  0|AC  0|TAMS 0x0000000707d00000, 0x0000000707d00000|
| 126|0x0000000707e00000, 0x0000000707e00000, 0x0000000707f00000|  0%| F|  |TS  0|AC  0|TAMS 0x0000000707e00000, 0x0000000707e00000|
| 127|0x0000000707f00000, 0x0000000707f00000, 0x0000000708000000|  0%| F|  |TS  0|AC  0|TAMS 0x0000000707f00000, 0x0000000707f00000|
| 128|0x0000000708000000, 0x0000000708000000, 0x0000000708100000|  0%| F|  |TS  0|AC  0|TAMS 0x0000000708000000, 0x0000000708000000|
| 129|0x0000000708100000, 0x0000000708100000, 0x0000000708200000|  0%| F|  |TS  0|AC  0|TAMS 0x0000000708100000, 0x0000000708100000|
| 130|0x0000000708200000, 0x0000000708200000, 0x0000000708300000|  0%| F|  |TS  0|AC  0|TAMS 0x0000000708200000, 0x0000000708200000|
| 131|0x0000000708300000, 0x0000000708300000, 0x0000000708400000|  0%| F|  |TS  0|AC  0|TAMS 0x0000000708300000, 0x0000000708300000|
| 132|0x0000000708400000, 0x0000000708400000, 0x0000000708500000|  0%| F|  |TS  0|AC  0|TAMS 0x0000000708400000, 0x0000000708400000|
| 133|0x0000000708500000, 0x0000000708500000, 0x0000000708600000|  0%| F|  |TS  0|AC  0|TAMS 0x0000000708500000, 0x0000000708500000|
| 134|0x0000000708600000, 0x0000000708600000, 0x0000000708700000|  0%| F|  |TS  0|AC  0|TAMS 0x0000000708600000, 0x0000000708600000|
| 135|0x0000000708700000, 0x0000000708700000, 0x0000000708800000|  0%| F|  |TS  0|AC  0|TAMS 0x0000000708700000, 0x0000000708700000|
| 136|0x0000000708800000, 0x0000000708800000, 0x0000000708900000|  0%| F|  |TS  0|AC  0|TAMS 0x0000000708800000, 0x0000000708800000|
| 137|0x0000000708900000, 0x0000000708900000, 0x0000000708a00000|  0%| F|  |TS  0|AC  0|TAMS 0x0000000708900000, 0x0000000708900000|
| 138|0x0000000708a00000, 0x0000000708a00000, 0x0000000708b00000|  0%| F|  |TS  0|AC  0|TAMS 0x0000000708a00000, 0x0000000708a00000|
| 139|0x0000000708b00000, 0x0000000708b00000, 0x0000000708c00000|  0%| F|  |TS  0|AC  0|TAMS 0x0000000708b00000, 0x0000000708b00000|
| 140|0x0000000708c00000, 0x0000000708c00000, 0x0000000708d00000|  0%| F|  |TS  0|AC  0|TAMS 0x0000000708c00000, 0x0000000708c00000|
| 141|0x0000000708d00000, 0x0000000708d00000, 0x0000000708e00000|  0%| F|  |TS  0|AC  0|TAMS 0x0000000708d00000, 0x0000000708d00000|
| 142|0x0000000708e00000, 0x0000000708e00000, 0x0000000708f00000|  0%| F|  |TS  0|AC  0|TAMS 0x0000000708e00000, 0x0000000708e00000|
| 143|0x0000000708f00000, 0x0000000708f00000, 0x0000000709000000|  0%| F|  |TS  0|AC  0|TAMS 0x0000000708f00000, 0x0000000708f00000|
| 144|0x0000000709000000, 0x0000000709000000, 0x0000000709100000|  0%| F|  |TS  0|AC  0|TAMS 0x0000000709000000, 0x0000000709000000|
| 145|0x0000000709100000, 0x0000000709100000, 0x0000000709200000|  0%| F|  |TS  0|AC  0|TAMS 0x0000000709100000, 0x0000000709100000|
| 146|0x0000000709200000, 0x0000000709200000, 0x0000000709300000|  0%| F|  |TS  0|AC  0|TAMS 0x0000000709200000, 0x0000000709200000|
| 147|0x0000000709300000, 0x0000000709300000, 0x0000000709400000|  0%| F|  |TS  0|AC  0|TAMS 0x0000000709300000, 0x0000000709300000|
| 148|0x0000000709400000, 0x0000000709400000, 0x0000000709500000|  0%| F|  |TS  0|AC  0|TAMS 0x0000000709400000, 0x0000000709400000|
| 149|0x0000000709500000, 0x0000000709500000, 0x0000000709600000|  0%| F|  |TS  0|AC  0|TAMS 0x0000000709500000, 0x0000000709500000|
| 150|0x0000000709600000, 0x0000000709600000, 0x0000000709700000|  0%| F|  |TS  0|AC  0|TAMS 0x0000000709600000, 0x0000000709600000|
| 151|0x0000000709700000, 0x0000000709700000, 0x0000000709800000|  0%| F|  |TS  0|AC  0|TAMS 0x0000000709700000, 0x0000000709700000|
| 152|0x0000000709800000, 0x0000000709800000, 0x0000000709900000|  0%| F|  |TS  0|AC  0|TAMS 0x0000000709800000, 0x0000000709800000|
| 153|0x0000000709900000, 0x0000000709900000, 0x0000000709a00000|  0%| F|  |TS  0|AC  0|TAMS 0x0000000709900000, 0x0000000709900000|
| 154|0x0000000709a00000, 0x0000000709a00000, 0x0000000709b00000|  0%| F|  |TS  0|AC  0|TAMS 0x0000000709a00000, 0x0000000709a00000|
| 155|0x0000000709b00000, 0x0000000709bae700, 0x0000000709c00000| 68%| S|CS|TS  9|AC  0|TAMS 0x0000000709b00000, 0x0000000709b00000|
| 156|0x0000000709c00000, 0x0000000709c00000, 0x0000000709d00000|  0%| F|  |TS  9|AC  0|TAMS 0x0000000709c00000, 0x0000000709c00000|
| 157|0x0000000709d00000, 0x0000000709d00000, 0x0000000709e00000|  0%| F|  |TS  9|AC  0|TAMS 0x0000000709d00000, 0x0000000709d00000|
| 158|0x0000000709e00000, 0x0000000709e00000, 0x0000000709f00000|  0%| F|  |TS  9|AC  0|TAMS 0x0000000709e00000, 0x0000000709e00000|
| 159|0x0000000709f00000, 0x0000000709f08d70, 0x000000070a000000|  3%| E|  |TS  9|AC  0|TAMS 0x0000000709f00000, 0x0000000709f00000|
| 160|0x000000070a000000, 0x000000070a100000, 0x000000070a100000|100%| E|CS|TS  9|AC  0|TAMS 0x000000070a000000, 0x000000070a000000|
| 161|0x000000070a100000, 0x000000070a200000, 0x000000070a200000|100%| E|CS|TS  9|AC  0|TAMS 0x000000070a100000, 0x000000070a100000|
| 162|0x000000070a200000, 0x000000070a300000, 0x000000070a300000|100%| E|CS|TS  9|AC  0|TAMS 0x000000070a200000, 0x000000070a200000|
| 163|0x000000070a300000, 0x000000070a400000, 0x000000070a400000|100%| E|CS|TS  9|AC  0|TAMS 0x000000070a300000, 0x000000070a300000|
| 164|0x000000070a400000, 0x000000070a500000, 0x000000070a500000|100%| E|CS|TS  9|AC  0|TAMS 0x000000070a400000, 0x000000070a400000|
| 165|0x000000070a500000, 0x000000070a600000, 0x000000070a600000|100%| E|CS|TS  9|AC  0|TAMS 0x000000070a500000, 0x000000070a500000|
| 166|0x000000070a600000, 0x000000070a700000, 0x000000070a700000|100%| E|CS|TS  9|AC  0|TAMS 0x000000070a600000, 0x000000070a600000|
| 167|0x000000070a700000, 0x000000070a800000, 0x000000070a800000|100%| E|CS|TS  9|AC  0|TAMS 0x000000070a700000, 0x000000070a700000|
| 168|0x000000070a800000, 0x000000070a900000, 0x000000070a900000|100%| E|CS|TS  9|AC  0|TAMS 0x000000070a800000, 0x000000070a800000|
| 169|0x000000070a900000, 0x000000070aa00000, 0x000000070aa00000|100%| E|CS|TS  9|AC  0|TAMS 0x000000070a900000, 0x000000070a900000|
| 170|0x000000070aa00000, 0x000000070ab00000, 0x000000070ab00000|100%| E|CS|TS  9|AC  0|TAMS 0x000000070aa00000, 0x000000070aa00000|
| 171|0x000000070ab00000, 0x000000070ac00000, 0x000000070ac00000|100%| E|CS|TS  9|AC  0|TAMS 0x000000070ab00000, 0x000000070ab00000|
| 172|0x000000070ac00000, 0x000000070ad00000, 0x000000070ad00000|100%| E|CS|TS  9|AC  0|TAMS 0x000000070ac00000, 0x000000070ac00000|
| 173|0x000000070ad00000, 0x000000070ae00000, 0x000000070ae00000|100%| E|CS|TS  9|AC  0|TAMS 0x000000070ad00000, 0x000000070ad00000|
| 174|0x000000070ae00000, 0x000000070af00000, 0x000000070af00000|100%| E|CS|TS  9|AC  0|TAMS 0x000000070ae00000, 0x000000070ae00000|
| 175|0x000000070af00000, 0x000000070b000000, 0x000000070b000000|100%| E|CS|TS  9|AC  0|TAMS 0x000000070af00000, 0x000000070af00000|
| 176|0x000000070b000000, 0x000000070b100000, 0x000000070b100000|100%| E|CS|TS  9|AC  0|TAMS 0x000000070b000000, 0x000000070b000000|
| 177|0x000000070b100000, 0x000000070b200000, 0x000000070b200000|100%| E|CS|TS  9|AC  0|TAMS 0x000000070b100000, 0x000000070b100000|
| 178|0x000000070b200000, 0x000000070b300000, 0x000000070b300000|100%| E|CS|TS  9|AC  0|TAMS 0x000000070b200000, 0x000000070b200000|
| 179|0x000000070b300000, 0x000000070b400000, 0x000000070b400000|100%| E|CS|TS  9|AC  0|TAMS 0x000000070b300000, 0x000000070b300000|
| 180|0x000000070b400000, 0x000000070b500000, 0x000000070b500000|100%| E|CS|TS  9|AC  0|TAMS 0x000000070b400000, 0x000000070b400000|
| 181|0x000000070b500000, 0x000000070b600000, 0x000000070b600000|100%| E|CS|TS  9|AC  0|TAMS 0x000000070b500000, 0x000000070b500000|
| 182|0x000000070b600000, 0x000000070b700000, 0x000000070b700000|100%| E|CS|TS  9|AC  0|TAMS 0x000000070b600000, 0x000000070b600000|
| 183|0x000000070b700000, 0x000000070b800000, 0x000000070b800000|100%| E|CS|TS  9|AC  0|TAMS 0x000000070b700000, 0x000000070b700000|
| 184|0x000000070b800000, 0x000000070b900000, 0x000000070b900000|100%| E|CS|TS  9|AC  0|TAMS 0x000000070b800000, 0x000000070b800000|
| 185|0x000000070b900000, 0x000000070ba00000, 0x000000070ba00000|100%| E|CS|TS  9|AC  0|TAMS 0x000000070b900000, 0x000000070b900000|
| 186|0x000000070ba00000, 0x000000070bb00000, 0x000000070bb00000|100%| E|CS|TS  9|AC  0|TAMS 0x000000070ba00000, 0x000000070ba00000|
| 187|0x000000070bb00000, 0x000000070bc00000, 0x000000070bc00000|100%| E|CS|TS  9|AC  0|TAMS 0x000000070bb00000, 0x000000070bb00000|
| 188|0x000000070bc00000, 0x000000070bd00000, 0x000000070bd00000|100%| E|CS|TS  9|AC  0|TAMS 0x000000070bc00000, 0x000000070bc00000|
| 189|0x000000070bd00000, 0x000000070be00000, 0x000000070be00000|100%| E|CS|TS  9|AC  0|TAMS 0x000000070bd00000, 0x000000070bd00000|
| 190|0x000000070be00000, 0x000000070bf00000, 0x000000070bf00000|100%| E|CS|TS  9|AC  0|TAMS 0x000000070be00000, 0x000000070be00000|
| 191|0x000000070bf00000, 0x000000070c000000, 0x000000070c000000|100%| E|CS|TS  9|AC  0|TAMS 0x000000070bf00000, 0x000000070bf00000|
| 192|0x000000070c000000, 0x000000070c100000, 0x000000070c100000|100%| E|CS|TS  9|AC  0|TAMS 0x000000070c000000, 0x000000070c000000|
| 193|0x000000070c100000, 0x000000070c200000, 0x000000070c200000|100%| E|CS|TS  9|AC  0|TAMS 0x000000070c100000, 0x000000070c100000|
| 194|0x000000070c200000, 0x000000070c300000, 0x000000070c300000|100%| E|CS|TS  9|AC  0|TAMS 0x000000070c200000, 0x000000070c200000|
| 195|0x000000070c300000, 0x000000070c400000, 0x000000070c400000|100%| E|CS|TS  9|AC  0|TAMS 0x000000070c300000, 0x000000070c300000|
| 196|0x000000070c400000, 0x000000070c500000, 0x000000070c500000|100%| E|CS|TS  9|AC  0|TAMS 0x000000070c400000, 0x000000070c400000|
| 197|0x000000070c500000, 0x000000070c600000, 0x000000070c600000|100%| E|CS|TS  9|AC  0|TAMS 0x000000070c500000, 0x000000070c500000|
| 198|0x000000070c600000, 0x000000070c700000, 0x000000070c700000|100%| E|CS|TS  9|AC  0|TAMS 0x000000070c600000, 0x000000070c600000|
| 199|0x000000070c700000, 0x000000070c800000, 0x000000070c800000|100%| E|CS|TS  9|AC  0|TAMS 0x000000070c700000, 0x000000070c700000|
| 200|0x000000070c800000, 0x000000070c900000, 0x000000070c900000|100%| E|CS|TS  9|AC  0|TAMS 0x000000070c800000, 0x000000070c800000|
| 201|0x000000070c900000, 0x000000070ca00000, 0x000000070ca00000|100%| E|CS|TS  9|AC  0|TAMS 0x000000070c900000, 0x000000070c900000|
| 202|0x000000070ca00000, 0x000000070cb00000, 0x000000070cb00000|100%| E|CS|TS  9|AC  0|TAMS 0x000000070ca00000, 0x000000070ca00000|
| 203|0x000000070cb00000, 0x000000070cc00000, 0x000000070cc00000|100%| E|CS|TS  9|AC  0|TAMS 0x000000070cb00000, 0x000000070cb00000|
| 204|0x000000070cc00000, 0x000000070cd00000, 0x000000070cd00000|100%| E|CS|TS  9|AC  0|TAMS 0x000000070cc00000, 0x000000070cc00000|
| 205|0x000000070cd00000, 0x000000070ce00000, 0x000000070ce00000|100%| E|CS|TS  9|AC  0|TAMS 0x000000070cd00000, 0x000000070cd00000|
| 206|0x000000070ce00000, 0x000000070cf00000, 0x000000070cf00000|100%| E|CS|TS  9|AC  0|TAMS 0x000000070ce00000, 0x000000070ce00000|
| 207|0x000000070cf00000, 0x000000070d000000, 0x000000070d000000|100%| E|CS|TS  9|AC  0|TAMS 0x000000070cf00000, 0x000000070cf00000|
| 208|0x000000070d000000, 0x000000070d100000, 0x000000070d100000|100%| E|CS|TS  9|AC  0|TAMS 0x000000070d000000, 0x000000070d000000|
| 209|0x000000070d100000, 0x000000070d200000, 0x000000070d200000|100%| E|CS|TS  9|AC  0|TAMS 0x000000070d100000, 0x000000070d100000|
| 210|0x000000070d200000, 0x000000070d300000, 0x000000070d300000|100%| E|CS|TS  9|AC  0|TAMS 0x000000070d200000, 0x000000070d200000|
| 211|0x000000070d300000, 0x000000070d400000, 0x000000070d400000|100%| E|CS|TS  9|AC  0|TAMS 0x000000070d300000, 0x000000070d300000|
| 212|0x000000070d400000, 0x000000070d500000, 0x000000070d500000|100%| E|CS|TS  9|AC  0|TAMS 0x000000070d400000, 0x000000070d400000|
| 213|0x000000070d500000, 0x000000070d600000, 0x000000070d600000|100%| E|CS|TS  9|AC  0|TAMS 0x000000070d500000, 0x000000070d500000|
| 214|0x000000070d600000, 0x000000070d700000, 0x000000070d700000|100%| E|CS|TS  9|AC  0|TAMS 0x000000070d600000, 0x000000070d600000|
| 215|0x000000070d700000, 0x000000070d800000, 0x000000070d800000|100%| E|CS|TS  9|AC  0|TAMS 0x000000070d700000, 0x000000070d700000|

Card table byte_map: [0x0000017dbfc60000,0x0000017dc0260000] byte_map_base: 0x0000017dbc460000

Marking Bits (Prev, Next): (CMBitMap*) 0x0000017da5fd2f88, (CMBitMap*) 0x0000017da5fd2f50
 Prev Bits: [0x0000017dc3860000, 0x0000017dc6860000)
 Next Bits: [0x0000017dc0860000, 0x0000017dc3860000)

Polling page: 0x0000017d9cad0000

CodeHeap 'non-profiled nmethods': size=120000Kb used=19025Kb max_used=19025Kb free=100974Kb
 bounds [0x0000017db8130000, 0x0000017db93d0000, 0x0000017dbf660000]
CodeHeap 'profiled nmethods': size=120000Kb used=40672Kb max_used=42336Kb free=79327Kb
 bounds [0x0000017db0c00000, 0x0000017db35a0000, 0x0000017db8130000]
CodeHeap 'non-nmethods': size=5760Kb used=1775Kb max_used=1833Kb free=3984Kb
 bounds [0x0000017db0660000, 0x0000017db08d0000, 0x0000017db0c00000]
 total_blobs=30750 nmethods=16589 adapters=1106
 compilation: enabled

Compilation events (10 events):
Event: 562.731 Thread 0x0000017da0d81800 21321       3       ui.utils.o.a.h::<init> (24 bytes)
Event: 562.732 Thread 0x0000017da0d81800 nmethod 21321 0x0000017db1e35210 code [0x0000017db1e35440, 0x0000017db1e35a40]
Event: 562.741 Thread 0x0000017da0d81800 21322   !   3       java.awt.FlowLayout::layoutContainer (382 bytes)
Event: 562.743 Thread 0x0000017da0d81800 nmethod 21322 0x0000017db270be10 code [0x0000017db270c120, 0x0000017db270dac0]
Event: 562.769 Thread 0x0000017da0d81800 21323       3       com.jidesoft.grid.TableUtils::a (913 bytes)
Event: 562.773 Thread 0x0000017da0d81800 nmethod 21323 0x0000017db29a0590 code [0x0000017db29a0c00, 0x0000017db29a6310]
Event: 562.773 Thread 0x0000017da0d81800 21324       3       sun.util.logging.internal.LoggingProviderImpl$JULWrapper::log (14 bytes)
Event: 562.774 Thread 0x0000017da0d81800 nmethod 21324 0x0000017db1e44010 code [0x0000017db1e44220, 0x0000017db1e447e0]
Event: 562.774 Thread 0x0000017da0d81800 21325       3       java.util.logging.Logger::log (33 bytes)
Event: 562.774 Thread 0x0000017da0d81800 nmethod 21325 0x0000017db1f17e90 code [0x0000017db1f18080, 0x0000017db1f18510]

GC Heap History (10 events):
Event: 549.963 GC heap before
{Heap before GC invocations=269 (full 92):
 garbage-first heap   total 221184K, used 127693K [0x0000000700000000, 0x00000007001006c0, 0x00000007c0000000)
  region size 1024K, 60 young (61440K), 0 survivors (0K)
 Metaspace       used 83557K, capacity 89573K, committed 89776K, reserved 1126400K
  class space    used 11380K, capacity 12433K, committed 12464K, reserved 1048576K
}
Event: 549.966 GC heap after
{Heap after GC invocations=270 (full 92):
 garbage-first heap   total 221184K, used 66737K [0x0000000700000000, 0x00000007001006c0, 0x00000007c0000000)
  region size 1024K, 1 young (1024K), 1 survivors (1024K)
 Metaspace       used 83557K, capacity 89573K, committed 89776K, reserved 1126400K
  class space    used 11380K, capacity 12433K, committed 12464K, reserved 1048576K
}
Event: 555.616 GC heap before
{Heap before GC invocations=270 (full 92):
 garbage-first heap   total 221184K, used 127153K [0x0000000700000000, 0x00000007001006c0, 0x00000007c0000000)
  region size 1024K, 60 young (61440K), 1 survivors (1024K)
 Metaspace       used 83574K, capacity 89573K, committed 89776K, reserved 1126400K
  class space    used 11380K, capacity 12433K, committed 12464K, reserved 1048576K
}
Event: 555.619 GC heap after
{Heap after GC invocations=271 (full 92):
 garbage-first heap   total 221184K, used 66672K [0x0000000700000000, 0x00000007001006c0, 0x00000007c0000000)
  region size 1024K, 1 young (1024K), 1 survivors (1024K)
 Metaspace       used 83574K, capacity 89573K, committed 89776K, reserved 1126400K
  class space    used 11380K, capacity 12433K, committed 12464K, reserved 1048576K
}
Event: 559.273 GC heap before
{Heap before GC invocations=271 (full 92):
 garbage-first heap   total 221184K, used 127088K [0x0000000700000000, 0x00000007001006c0, 0x00000007c0000000)
  region size 1024K, 60 young (61440K), 1 survivors (1024K)
 Metaspace       used 83593K, capacity 89637K, committed 89776K, reserved 1126400K
  class space    used 11380K, capacity 12433K, committed 12464K, reserved 1048576K
}
Event: 559.275 GC heap after
{Heap after GC invocations=272 (full 92):
 garbage-first heap   total 221184K, used 66671K [0x0000000700000000, 0x00000007001006c0, 0x00000007c0000000)
  region size 1024K, 1 young (1024K), 1 survivors (1024K)
 Metaspace       used 83593K, capacity 89637K, committed 89776K, reserved 1126400K
  class space    used 11380K, capacity 12433K, committed 12464K, reserved 1048576K
}
Event: 560.453 GC heap before
{Heap before GC invocations=272 (full 92):
 garbage-first heap   total 221184K, used 127087K [0x0000000700000000, 0x00000007001006c0, 0x00000007c0000000)
  region size 1024K, 60 young (61440K), 1 survivors (1024K)
 Metaspace       used 83602K, capacity 89637K, committed 89776K, reserved 1126400K
  class space    used 11380K, capacity 12433K, committed 12464K, reserved 1048576K
}
Event: 560.455 GC heap after
{Heap after GC invocations=273 (full 92):
 garbage-first heap   total 221184K, used 66833K [0x0000000700000000, 0x00000007001006c0, 0x00000007c0000000)
  region size 1024K, 1 young (1024K), 1 survivors (1024K)
 Metaspace       used 83602K, capacity 89637K, committed 89776K, reserved 1126400K
  class space    used 11380K, capacity 12433K, committed 12464K, reserved 1048576K
}
Event: 561.679 GC heap before
{Heap before GC invocations=273 (full 92):
 garbage-first heap   total 221184K, used 127249K [0x0000000700000000, 0x00000007001006c0, 0x00000007c0000000)
  region size 1024K, 60 young (61440K), 1 survivors (1024K)
 Metaspace       used 83609K, capacity 89637K, committed 89776K, reserved 1126400K
  class space    used 11380K, capacity 12433K, committed 12464K, reserved 1048576K
}
Event: 561.681 GC heap after
{Heap after GC invocations=274 (full 92):
 garbage-first heap   total 221184K, used 66950K [0x0000000700000000, 0x00000007001006c0, 0x00000007c0000000)
  region size 1024K, 1 young (1024K), 1 survivors (1024K)
 Metaspace       used 83609K, capacity 89637K, committed 89776K, reserved 1126400K
  class space    used 11380K, capacity 12433K, committed 12464K, reserved 1048576K
}

Deoptimization events (10 events):
Event: 513.475 Thread 0x0000017da702d000 Uncommon trap: reason=unstable_if action=reinterpret pc=0x0000017db8b25ab4 method=sun.java2d.loops.GraphicsPrimitiveMgr.locateGeneral(I)Lsun/java2d/loops/GraphicsPrimitive; @ 15 c2
Event: 513.583 Thread 0x0000017da702d000 Uncommon trap: reason=class_check action=maybe_recompile pc=0x0000017db914f8d0 method=sun.java2d.SunGraphics2D.setComposite(Ljava/awt/Composite;)V @ 10 c2
Event: 513.606 Thread 0x0000017da702d000 Uncommon trap: reason=class_check action=maybe_recompile pc=0x0000017db914f8d0 method=sun.java2d.SunGraphics2D.setComposite(Ljava/awt/Composite;)V @ 10 c2
Event: 513.623 Thread 0x0000017da702d000 Uncommon trap: reason=class_check action=maybe_recompile pc=0x0000017db914f8d0 method=sun.java2d.SunGraphics2D.setComposite(Ljava/awt/Composite;)V @ 10 c2
Event: 557.790 Thread 0x0000017da702d000 Uncommon trap: reason=unstable_if action=reinterpret pc=0x0000017db908d2cc method=com.jidesoft.grid.StyledTableCellRenderer.getTableCellRendererComponent(Ljavax/swing/JTable;Ljava/lang/Object;ZZII)Ljava/awt/Component; @ 99 c2
Event: 557.790 Thread 0x0000017da702d000 Uncommon trap: reason=unstable_if action=reinterpret pc=0x0000017db9025a44 method=javax.swing.JComponent.getInsets(Ljava/awt/Insets;)Ljava/awt/Insets; @ 30 c2
Event: 557.790 Thread 0x0000017da702d000 Uncommon trap: reason=unstable_if action=reinterpret pc=0x0000017db8e52bd4 method=javax.swing.JComponent.getInsets(Ljava/awt/Insets;)Ljava/awt/Insets; @ 30 c2
Event: 557.885 Thread 0x0000017da702d000 Uncommon trap: reason=unstable_if action=reinterpret pc=0x0000017db9091240 method=com.jidesoft.grid.StyledTableCellRenderer.getTableCellRendererComponent(Ljavax/swing/JTable;Ljava/lang/Object;ZZII)Ljava/awt/Component; @ 99 c2
Event: 557.885 Thread 0x0000017da702d000 Uncommon trap: reason=unstable_if action=reinterpret pc=0x0000017db9023b10 method=javax.swing.JComponent.getInsets(Ljava/awt/Insets;)Ljava/awt/Insets; @ 30 c2
Event: 560.156 Thread 0x0000017da702d000 Uncommon trap: reason=bimorphic_or_optimized_type_check action=maybe_recompile pc=0x0000017db903b18c method=javax.swing.JTable.isRowSelected(I)Z @ 5 c2

Classes redefined (0 events):
No events

Internal exceptions (10 events):
Event: 196.444 Thread 0x0000017da702d000 Exception <a 'java/lang/NoSuchMethodError'{0x0000000706540608}: java.lang.invoke.DirectMethodHandle$Holder.invokeStatic(Ljava/lang/Object;Ljava/lang/Object;ILjava/lang/Object;)Ljava/lang/Object;> (0x0000000706540608) thrown at [t:/workspace/hotspot/src/sh
Event: 199.696 Thread 0x0000017da702d000 Exception <a 'java/lang/NoSuchMethodError'{0x000000070803df48}: method resolution failed> (0x000000070803df48) thrown at [t:/workspace/hotspot/src/share/vm/prims/methodHandles.cpp, line 1256]
Event: 212.040 Thread 0x0000017da702d000 Implicit null exception at 0x0000017db887b7c2 to 0x0000017db887ba05
Event: 212.808 Thread 0x0000017da704c000 Implicit null exception at 0x0000017db91026b4 to 0x0000017db91046c5
Event: 235.100 Thread 0x0000017da702d000 Exception <a 'java/lang/NoSuchMethodError'{0x0000000707f61418}: java.lang.invoke.DirectMethodHandle$Holder.invokeSpecial(Ljava/lang/Object;Ljava/lang/Object;IILjava/lang/Object;ILjava/lang/Object;I)Ljava/lang/Object;> (0x0000000707f61418) thrown at [t:/wo
Event: 235.100 Thread 0x0000017da702d000 Exception <a 'java/lang/NoSuchMethodError'{0x0000000707f64b88}: java.lang.invoke.DelegatingMethodHandle$Holder.reinvoke_L(Ljava/lang/Object;IILjava/lang/Object;ILjava/lang/Object;I)Ljava/lang/Object;> (0x0000000707f64b88) thrown at [t:/workspace/hotspot/s
Event: 235.101 Thread 0x0000017da702d000 Exception <a 'java/lang/NoSuchMethodError'{0x0000000707f94878}: method resolution failed> (0x0000000707f94878) thrown at [t:/workspace/hotspot/src/share/vm/prims/methodHandles.cpp, line 1256]
Event: 236.256 Thread 0x0000017da702d000 Exception <a 'java/lang/NoSuchMethodError'{0x0000000705f120e8}: java.lang.invoke.DirectMethodHandle$Holder.invokeSpecial(Ljava/lang/Object;Ljava/lang/Object;IILjava/lang/Object;Ljava/lang/Object;I)Ljava/lang/Object;> (0x0000000705f120e8) thrown at [t:/wor
Event: 236.256 Thread 0x0000017da702d000 Exception <a 'java/lang/NoSuchMethodError'{0x0000000705f157a8}: java.lang.invoke.DelegatingMethodHandle$Holder.reinvoke_L(Ljava/lang/Object;IILjava/lang/Object;Ljava/lang/Object;I)Ljava/lang/Object;> (0x0000000705f157a8) thrown at [t:/workspace/hotspot/sr
Event: 295.729 Thread 0x0000017da702d000 Implicit null exception at 0x0000017db8aca3f1 to 0x0000017db8acacf3

Events (10 events):
Event: 561.867 Executing VM operation: RevokeBias done
Event: 562.731 Thread 0x0000017da6b96000 Thread added: 0x0000017da6b96000
Event: 562.733 Executing VM operation: RevokeBias
Event: 562.736 Executing VM operation: RevokeBias done
Event: 562.736 Executing VM operation: RevokeBias
Event: 562.736 Executing VM operation: RevokeBias done
Event: 562.845 Thread 0x0000017da6b9d800 Thread added: 0x0000017da6b9d800
Event: 562.848 Thread 0x0000017da6b9d800 Thread exited: 0x0000017da6b9d800
Event: 563.847 Thread 0x0000017da6b9d800 Thread added: 0x0000017da6b9d800
Event: 563.856 Thread 0x0000017da6b9d800 Thread exited: 0x0000017da6b9d800


Dynamic libraries:
0x00007ff624320000 - 0x00007ff624350000 	D:\vivado\Vivado\2019.1\bin\unwrapped\win64.o\vivado.exe
0x00007ffdba420000 - 0x00007ffdba610000 	C:\WINDOWS\SYSTEM32\ntdll.dll
0x00007ffdb9d50000 - 0x00007ffdb9e02000 	C:\WINDOWS\System32\KERNEL32.DLL
0x00007ffdb79a0000 - 0x00007ffdb7c43000 	C:\WINDOWS\System32\KERNELBASE.dll
0x00007ffdb7c50000 - 0x00007ffdb7d4a000 	C:\WINDOWS\System32\ucrtbase.dll
0x00007ffda01a0000 - 0x00007ffda023b000 	C:\WINDOWS\SYSTEM32\MSVCP140.dll
0x00007ffdaf050000 - 0x00007ffdaf064000 	D:\vivado\Vivado\2019.1\lib\win64.o\libboost_signals.dll
0x00007ffdaef70000 - 0x00007ffdaef84000 	D:\vivado\Vivado\2019.1\lib\win64.o\librdi_commonmain.dll
0x00007ffd5e470000 - 0x00007ffd5f352000 	D:\vivado\Vivado\2019.1\lib\win64.o\librdi_common.dll
0x00007ffda0240000 - 0x00007ffda0256000 	C:\WINDOWS\SYSTEM32\VCRUNTIME140.dll
0x00007ffdb89e0000 - 0x00007ffdb8b74000 	C:\WINDOWS\System32\USER32.dll
0x00007ffdb7920000 - 0x00007ffdb7941000 	C:\WINDOWS\System32\win32u.dll
0x00007ffdb9660000 - 0x00007ffdb9686000 	C:\WINDOWS\System32\GDI32.dll
0x00007ffdb75a0000 - 0x00007ffdb7734000 	C:\WINDOWS\System32\gdi32full.dll
0x00007ffdb7770000 - 0x00007ffdb780e000 	C:\WINDOWS\System32\msvcp_win.dll
0x00007ffdb84d0000 - 0x00007ffdb8573000 	C:\WINDOWS\System32\ADVAPI32.dll
0x00007ffdb8d40000 - 0x00007ffdb8dde000 	C:\WINDOWS\System32\msvcrt.dll
0x00007ffdaef40000 - 0x00007ffdaef66000 	D:\vivado\Vivado\2019.1\lib\win64.o\libboost_filesystem.dll
0x00007ffdba340000 - 0x00007ffdba3d7000 	C:\WINDOWS\System32\sechost.dll
0x00007ffdb1a50000 - 0x00007ffdb1a5a000 	D:\vivado\Vivado\2019.1\lib\win64.o\librdi_commonversion.dll
0x00007ffdb88c0000 - 0x00007ffdb89e0000 	C:\WINDOWS\System32\RPCRT4.dll
0x00007ffdb8e10000 - 0x00007ffdb94f5000 	C:\WINDOWS\System32\SHELL32.dll
0x00007ffdb7950000 - 0x00007ffdb799a000 	C:\WINDOWS\System32\cfgmgr32.dll
0x00007ffdb9ca0000 - 0x00007ffdb9d49000 	C:\WINDOWS\System32\shcore.dll
0x00007ffdb8580000 - 0x00007ffdb88b6000 	C:\WINDOWS\System32\combase.dll
0x00007ffdb73b0000 - 0x00007ffdb7430000 	C:\WINDOWS\System32\bcryptPrimitives.dll
0x00007ffdb7d50000 - 0x00007ffdb84ce000 	C:\WINDOWS\System32\windows.storage.dll
0x00007ffda4280000 - 0x00007ffda43a1000 	D:\vivado\Vivado\2019.1\lib\win64.o\librdi_commonxillic.dll
0x00007ffd7c390000 - 0x00007ffd7c6fe000 	D:\vivado\Vivado\2019.1\lib\win64.o\libCOIN-all.dll
0x00007ffdb7300000 - 0x00007ffdb731f000 	C:\WINDOWS\System32\profapi.dll
0x00007ffdb7320000 - 0x00007ffdb736a000 	C:\WINDOWS\System32\powrprof.dll
0x0000000055640000 - 0x000000005576b000 	D:\vivado\Vivado\2019.1\lib\win64.o\tcl85t.dll
0x00007ffdb96c0000 - 0x00007ffdb972f000 	C:\WINDOWS\System32\WS2_32.dll
0x00007ffdb72f0000 - 0x00007ffdb7300000 	C:\WINDOWS\System32\UMPDC.dll
0x00007ffdb9c40000 - 0x00007ffdb9c92000 	C:\WINDOWS\System32\shlwapi.dll
0x00007ffdb7390000 - 0x00007ffdb73a1000 	C:\WINDOWS\System32\kernel.appcore.dll
0x00007ffdb7580000 - 0x00007ffdb7597000 	C:\WINDOWS\System32\cryptsp.dll
0x00007ffda94b0000 - 0x00007ffda94c4000 	D:\vivado\Vivado\2019.1\lib\win64.o\libboost_date_time.dll
0x00007ffdb0540000 - 0x00007ffdb054b000 	D:\vivado\Vivado\2019.1\lib\win64.o\libboost_system.dll
0x00007ffd95540000 - 0x00007ffd95654000 	D:\vivado\Vivado\2019.1\lib\win64.o\libboost_regex.dll
0x00007ffda6e90000 - 0x00007ffda6f0f000 	D:\vivado\Vivado\2019.1\lib\win64.o\libboost_program_options.dll
0x00007ffda6e60000 - 0x00007ffda6e81000 	D:\vivado\Vivado\2019.1\lib\win64.o\libboost_thread.dll
0x00007ffda41f0000 - 0x00007ffda4272000 	D:\vivado\Vivado\2019.1\lib\win64.o\libhdlpsolve.dll
0x00007ffd7d0c0000 - 0x00007ffd7d165000 	D:\vivado\Vivado\2019.1\lib\win64.o\libhdxml.dll
0x00007ffda94a0000 - 0x00007ffda94af000 	D:\vivado\Vivado\2019.1\lib\win64.o\libboost_xilinx.dll
0x00007ffd71020000 - 0x00007ffd71bcf400 	D:\vivado\Vivado\2019.1\lib\win64.o\libisl_iostreams.dll
0x00007ffd978e0000 - 0x00007ffd97945000 	D:\vivado\Vivado\2019.1\lib\win64.o\liblmx6.0.dll
0x00007ffda41c0000 - 0x00007ffda41ee000 	D:\vivado\Vivado\2019.1\lib\win64.o\libisl_sysinfo.dll
0x00007ffda6e40000 - 0x00007ffda6e5a000 	D:\vivado\Vivado\2019.1\lib\win64.o\pthreadVC2.dll
0x00007ffd97a20000 - 0x00007ffd97a3c000 	D:\vivado\Vivado\2019.1\lib\win64.o\librdiconfig.dll
0x00007ffd95510000 - 0x00007ffd95531000 	D:\vivado\Vivado\2019.1\lib\win64.o\librdizlib.dll
0x0000000012000000 - 0x0000000012270000 	D:\vivado\Vivado\2019.1\lib\win64.o\xerces-c_3_1.dll
0x00007ffda03a0000 - 0x00007ffda03b7000 	C:\WINDOWS\SYSTEM32\NETAPI32.dll
0x00007ffda96a0000 - 0x00007ffda9790000 	C:\WINDOWS\SYSTEM32\WINHTTP.dll
0x00007ffda5510000 - 0x00007ffda59e6000 	C:\WINDOWS\SYSTEM32\WININET.dll
0x00007ffdaa5e0000 - 0x00007ffdaa7b6000 	C:\WINDOWS\SYSTEM32\urlmon.dll
0x00007ffd7c0b0000 - 0x00007ffd7c388000 	D:\vivado\Vivado\2019.1\lib\win64.o\libXil_lmgr11.dll
0x00007ffdb9800000 - 0x00007ffdb98d0000 	C:\WINDOWS\System32\COMDLG32.dll
0x00007ffdb9730000 - 0x00007ffdb97f4000 	C:\WINDOWS\System32\OLEAUT32.dll
0x00007ffdb9500000 - 0x00007ffdb9656000 	C:\WINDOWS\System32\ole32.dll
0x00007ffd9f4c0000 - 0x00007ffd9f4c9000 	C:\WINDOWS\SYSTEM32\WSOCK32.dll
0x00007ffdb78c0000 - 0x00007ffdb791c000 	C:\WINDOWS\System32\WINTRUST.dll
0x00007ffd954e0000 - 0x00007ffd95508000 	C:\WINDOWS\SYSTEM32\VCOMP140.DLL
0x00007ffdb7370000 - 0x00007ffdb7382000 	C:\WINDOWS\System32\MSASN1.dll
0x00007ffd5d5d0000 - 0x00007ffd5e461000 	D:\vivado\Vivado\2019.1\lib\win64.o\gurobi65.dll
0x00007ffdb7430000 - 0x00007ffdb7579000 	C:\WINDOWS\System32\CRYPT32.dll
0x00007ffda8e60000 - 0x00007ffda8e6d000 	D:\vivado\Vivado\2019.1\lib\win64.o\libboost_chrono.dll
0x00007ffd978c0000 - 0x00007ffd978db000 	D:\vivado\Vivado\2019.1\lib\win64.o\libboost_iostreams.dll
0x00007ffd89de0000 - 0x00007ffd89e05000 	D:\vivado\Vivado\2019.1\lib\win64.o\libisl_iosutils.dll
0x00007ffdaa330000 - 0x00007ffdaa5d6000 	C:\WINDOWS\SYSTEM32\iertutil.dll
0x00007ffdaac90000 - 0x00007ffdaad39000 	C:\WINDOWS\WinSxS\amd64_microsoft.windows.common-controls_6595b64144ccf1df_5.82.18362.476_none_2a2a02a24667b734\COMCTL32.dll
0x00007ffdaf6a0000 - 0x00007ffdaf6bc000 	C:\WINDOWS\SYSTEM32\dhcpcsvc.DLL
0x00007ffdba330000 - 0x00007ffdba338000 	C:\WINDOWS\System32\NSI.dll
0x00007ffdb6d30000 - 0x00007ffdb6d3c000 	C:\WINDOWS\SYSTEM32\CRYPTBASE.DLL
0x00007ffdb6980000 - 0x00007ffdb698c000 	C:\WINDOWS\SYSTEM32\NETUTILS.DLL
0x00007ffdb8de0000 - 0x00007ffdb8e0e000 	C:\WINDOWS\System32\IMM32.DLL
0x00007ffd74530000 - 0x00007ffd74a47000 	D:\vivado\Vivado\2019.1\lib\win64.o\librdi_commontasks.dll
0x00007ffdab240000 - 0x00007ffdab24a000 	C:\WINDOWS\SYSTEM32\VERSION.dll
0x0000000054c10000 - 0x0000000055635000 	D:\vivado\Vivado\2019.1\tps\win64\jre9.0.4\bin\server\jvm.dll
0x00007ffd73260000 - 0x00007ffd734e6000 	D:\vivado\Vivado\2019.1\lib\win64.o\librdi_sio.dll
0x00007ffdb9690000 - 0x00007ffdb9698000 	C:\WINDOWS\System32\PSAPI.DLL
0x00007ffdb5320000 - 0x00007ffdb5344000 	C:\WINDOWS\SYSTEM32\WINMM.dll
0x00007ffd86d30000 - 0x00007ffd86e1f000 	C:\WINDOWS\SYSTEM32\MSVCR120.dll
0x00007ffdb6870000 - 0x00007ffdb68aa000 	C:\WINDOWS\SYSTEM32\IPHLPAPI.DLL
0x00007ffdb6b60000 - 0x00007ffdb6bc7000 	C:\WINDOWS\SYSTEM32\MSWSOCK.DLL
0x00007ffdb4ea0000 - 0x00007ffdb4ecd000 	C:\WINDOWS\SYSTEM32\WINMMBASE.dll
0x00007ffd5b110000 - 0x00007ffd5d5cc000 	D:\vivado\Vivado\2019.1\lib\win64.o\librdi_tcltasks.dll
0x00007ffd7cfd0000 - 0x00007ffd7d0bb000 	D:\vivado\Vivado\2019.1\lib\win64.o\librdi_chipscope.dll
0x00007ffd7ccb0000 - 0x00007ffd7ce41000 	D:\vivado\Vivado\2019.1\lib\win64.o\librdi_board.dll
0x00007ffd7bef0000 - 0x00007ffd7c0ad000 	D:\vivado\Vivado\2019.1\lib\win64.o\librdi_chipscopeimpl.dll
0x00007ffd72e50000 - 0x00007ffd73258000 	D:\vivado\Vivado\2019.1\lib\win64.o\librdi_bitstream.dll
0x00007ffd808b0000 - 0x00007ffd80928000 	D:\vivado\Vivado\2019.1\lib\win64.o\librdi_boarddep.dll
0x00007ffd72cf0000 - 0x00007ffd72e46000 	D:\vivado\Vivado\2019.1\lib\win64.o\librdi_containers.dll
0x00007ffd61400000 - 0x00007ffd61ada000 	D:\vivado\Vivado\2019.1\lib\win64.o\librdi_coregenipxact.dll
0x00007ffd58890000 - 0x00007ffd5a27a000 	D:\vivado\Vivado\2019.1\lib\win64.o\librdi_constraints.dll
0x00007ffd55330000 - 0x00007ffd571e1000 	D:\vivado\Vivado\2019.1\lib\win64.o\librdi_coregen.dll
0x00007ffd5f800000 - 0x00007ffd5fb1e000 	D:\vivado\Vivado\2019.1\lib\win64.o\librdi_dlyest.dll
0x00007ffd512e0000 - 0x00007ffd55323000 	D:\vivado\Vivado\2019.1\lib\win64.o\librdi_designutils.dll
0x00007ffd74460000 - 0x00007ffd74524000 	D:\vivado\Vivado\2019.1\lib\win64.o\librdi_dsp.dll
0x00007ffd3eeb0000 - 0x00007ffd512dc000 	D:\vivado\Vivado\2019.1\lib\win64.o\librdi_device.dll
0x00007ffd5ab70000 - 0x00007ffd5b10a000 	D:\vivado\Vivado\2019.1\lib\win64.o\librdi_drc.dll
0x00007ffd7cc40000 - 0x00007ffd7cca5000 	D:\vivado\Vivado\2019.1\lib\win64.o\librdi_hdf.dll
0x00007ffd63fd0000 - 0x00007ffd642b3000 	D:\vivado\Vivado\2019.1\lib\win64.o\librdi_guitools.dll
0x00007ffd76470000 - 0x00007ffd764e3000 	D:\vivado\Vivado\2019.1\lib\win64.o\librdi_memoryarray.dll
0x00007ffd5a550000 - 0x00007ffd5ab65000 	D:\vivado\Vivado\2019.1\lib\win64.o\librdi_memdata.dll
0x00007ffd3e860000 - 0x00007ffd3eead000 	D:\vivado\Vivado\2019.1\lib\win64.o\librdi_filemgmt.dll
0x00007ffd81430000 - 0x00007ffd8147b000 	D:\vivado\Vivado\2019.1\lib\win64.o\librdi_pfi.dll
0x00007ffd3d2a0000 - 0x00007ffd3e860000 	D:\vivado\Vivado\2019.1\lib\win64.o\librdi_implflow.dll
0x00007ffd3cbf0000 - 0x00007ffd3d292000 	D:\vivado\Vivado\2019.1\lib\win64.o\librdi_netlist.dll
0x00007ffd5f4f0000 - 0x00007ffd5f7ff000 	D:\vivado\Vivado\2019.1\lib\win64.o\librdi_platform.dll
0x00007ffd39f00000 - 0x00007ffd3cbe6000 	D:\vivado\Vivado\2019.1\lib\win64.o\librdi_mig.dll
0x00007ffd397b0000 - 0x00007ffd39efa000 	D:\vivado\Vivado\2019.1\lib\win64.o\librdi_power.dll
0x00007ffd390a0000 - 0x00007ffd397a9000 	D:\vivado\Vivado\2019.1\lib\win64.o\librdi_psta.dll
0x00007ffd36a20000 - 0x00007ffd39096000 	D:\vivado\Vivado\2019.1\lib\win64.o\librdi_place.dll
0x00007ffd36620000 - 0x00007ffd36a11000 	D:\vivado\Vivado\2019.1\lib\win64.o\librdi_runs.dll
0x00007ffd35f10000 - 0x00007ffd36616000 	D:\vivado\Vivado\2019.1\lib\win64.o\librdi_rsb.dll
0x00007ffd35990000 - 0x00007ffd35f0f000 	D:\vivado\Vivado\2019.1\lib\win64.o\librdi_project.dll
0x00007ffd72bf0000 - 0x00007ffd72cea000 	D:\vivado\Vivado\2019.1\lib\win64.o\librdi_runsbase.dll
0x00007ffd72100000 - 0x00007ffd72356000 	D:\vivado\Vivado\2019.1\lib\win64.o\librdi_simdata.dll
0x00007ffd7f920000 - 0x00007ffd7f96c000 	D:\vivado\Vivado\2019.1\lib\win64.o\libboost_serialization.dll
0x00007ffd70030000 - 0x00007ffd701a2000 	D:\vivado\Vivado\2019.1\lib\win64.o\librdi_advchipscopeimpl.dll
0x00007ffd5a3b0000 - 0x00007ffd5a54f000 	D:\vivado\Vivado\2019.1\lib\win64.o\librdi_hip_devdesign.dll
0x00007ffd70f50000 - 0x00007ffd71012000 	D:\vivado\Vivado\2019.1\lib\win64.o\librdi_ipconfig_readwrite.dll
0x00007ffd7ca70000 - 0x00007ffd7cab3000 	D:\vivado\Vivado\2019.1\lib\win64.o\librdi_noc_frameworks.dll
0x00007ffd34e40000 - 0x00007ffd35987000 	D:\vivado\Vivado\2019.1\lib\win64.o\libverific.dll
0x00007ffd34020000 - 0x00007ffd34e31000 	D:\vivado\Vivado\2019.1\lib\win64.o\librdi_timing.dll
0x00007ffd6ff90000 - 0x00007ffd7002e000 	D:\vivado\Vivado\2019.1\lib\win64.o\libise.dll
0x00007ffd33c30000 - 0x00007ffd34015000 	D:\vivado\Vivado\2019.1\lib\win64.o\librdi_hip_config.dll

VM Arguments:
jvm_args: -Dsun.java2d.pmoffscreen=false -Dsun.java2d.xrender=false -Dsun.java2d.d3d=false -Dsun.awt.nopixfmt=true -Dsun.java2d.dpiaware=true -Dsun.java2d.uiScale.enabled=false -Xverify:none -Dswing.aatext=true -XX:-UsePerfData -Djdk.map.althashing.threshold=512 -XX:StringTableSize=4072 --add-opens=java.base/java.nio=ALL-UNNAMED --add-opens=java.desktop/sun.swing=ALL-UNNAMED --add-opens=java.desktop/javax.swing=ALL-UNNAMED --add-opens=java.desktop/javax.swing.tree=ALL-UNNAMED --add-opens=java.desktop/javax.swing.plaf.basic=ALL-UNNAMED --add-opens=java.desktop/javax.swing.plaf.synth=ALL-UNNAMED --add-opens=java.desktop/com.sun.awt=ALL-UNNAMED -XX:NewSize=60m -XX:MaxNewSize=60m -Xms128m -Xmx3072m -Xss5m 
java_command: <unknown>
java_class_path (initial): D:/vivado/Vivado/2019.1\lib\classes\alloy.jar;D:/vivado/Vivado/2019.1\lib\classes\autopilot.scelaborator.jar;D:/vivado/Vivado/2019.1\lib\classes\autopilot.sourceprocessor.jar;D:/vivado/Vivado/2019.1\lib\classes\autopilot.tbprocessor.jar;D:/vivado/Vivado/2019.1\lib\classes\batik-anim.jar;D:/vivado/Vivado/2019.1\lib\classes\batik-awt-util.jar;D:/vivado/Vivado/2019.1\lib\classes\batik-bridge.jar;D:/vivado/Vivado/2019.1\lib\classes\batik-codec.jar;D:/vivado/Vivado/2019.1\lib\classes\batik-css.jar;D:/vivado/Vivado/2019.1\lib\classes\batik-dom.jar;D:/vivado/Vivado/2019.1\lib\classes\batik-ext.jar;D:/vivado/Vivado/2019.1\lib\classes\batik-gui-util.jar;D:/vivado/Vivado/2019.1\lib\classes\batik-gvt.jar;D:/vivado/Vivado/2019.1\lib\classes\batik-parser.jar;D:/vivado/Vivado/2019.1\lib\classes\batik-script.jar;D:/vivado/Vivado/2019.1\lib\classes\batik-svg-dom.jar;D:/vivado/Vivado/2019.1\lib\classes\batik-swing.jar;D:/vivado/Vivado/2019.1\lib\classes\batik-transcoder.jar;D:/vivado/Vivado/2019.1\lib\classes\batik-util.jar;D:/vivado/Vivado/2019.1\lib\classes\batik-xml.jar;D:/vivado/Vivado/2019.1\lib\classes\com.google.gson_2.7.0.v20170129-0911.jar;D:/vivado/Vivado/2019.1\lib\classes\com.google.guava_21.0.0.v20170206-1425.jar;D:/vivado/Vivado/2019.1\lib\classes\com.google.inject_3.0.0.v201605172100.jar;D:/vivado/Vivado/2019.1\lib\classes\com.ibm.icu_4.4.2.v20110208.jar;D:/vivado/Vivado/2019.1\lib\classes\com.sigasi.hdt.annotations.runtime_4.3.0.201903071210.jar;D:/vivado/Vivado/2019.1\lib\classes\com.sigasi.hdt.blockdiagram.model_4.3.0.201903071210.jar;D:/vivado/Vivado/2019.1\lib\classes\com.sigasi.hdt.connection_4.3.0.201903071210.jar;D:/vivado/Vivado/2019.1\lib\classes\com.sigasi.hdt.dependencies.model_4.3.0.201903071210.jar;D:/vivado/Vivado/2019.1\lib\classes\com.sigasi.hdt.epl_4.3.0.201903071210.jar;D:/vivado/Vivado/2019.1\lib\classes\com.sigasi.hdt.graphics.model_4.3.0.201903071210.jar;D:/vivado/Vivado/2019.1\lib\classes\com.sigasi.hdt.project_4.3.0
Launcher Type: generic

Logging:
Log output configuration:
#0: stdout all=warning uptime,level,tags
#1: stderr all=off uptime,level,tags

Environment Variables:
PATH=D:/vivado/Vivado/2019.1/bin;D:/vivado/Vivado/2019.1/lib/win64.o;D:/vivado/Vivado/2019.1/tps/win64/jre9.0.4/bin/server;D:/vivado/Vivado/2019.1/tps/win64/jre9.0.4/bin;D:/vivado/SDK/2019.1/bin;D:/vivado/Vivado/2019.1/ids_lite/ISE/bin/nt64;D:/vivado/Vivado/2019.1/ids_lite/ISE/lib/nt64;C:\Program Files (x86)\Common Files\Oracle\Java\javapath;C:\Perl64\site\bin;C:\Perl64\bin;C:\Program Files (x86)\Intel\Intel(R) Management Engine Components\iCLS\;C:\Program Files\Intel\Intel(R) Management Engine Components\iCLS\;C:\Windows\system32;C:\Windows;C:\Windows\System32\Wbem;C:\Windows\System32\WindowsPowerShell\v1.0\;C:\Program Files (x86)\NVIDIA Corporation\PhysX\Common;C:\Program Files (x86)\Intel\Intel(R) Management Engine Components\DAL;C:\Program Files\Intel\Intel(R) Management Engine Components\DAL;C:\Program Files (x86)\Intel\Intel(R) Management Engine Components\IPT;C:\Program Files\Intel\Intel(R) Management Engine Components\IPT;C:\Program Files\Intel\WiFi\bin\;C:\Program Files\Common Files\Intel\WirelessCommon\;C:\WINDOWS\System32\OpenSSH\;C:\Program Files\NVIDIA Corporation\NVIDIA NvDLISR;C:\Program Files\PuTTY\;C:\Program Files\Git\cmd;C:\Users\mskhana\AppData\Local\Programs\Python\Python37-32\Scripts\;C:\Users\mskhana\AppData\Local\Programs\Python\Python37-32\;C:\Users\mskhana\AppData\Local\Microsoft\WindowsApps;C:\Program Files (x86)\Microsoft Visual Studio\2017\Community\VC\Tools\MSVC\14.15.26726\bin\Hostx86\x86;C:\Program Files (x86)\Windows Kits\10\Include\10.0.17134.0\shared;C:\Program Files (x86)\Windows Kits\10\Include\10.0.17134.0\um;C:\Program Files (x86)\Windows Kits\10\Include\10.0.17134.0\winrt;C:\Program Files (x86)\Windows Kits\10\bin\10.0.17134.0\arm64;C:\Program Files (x86)\Microsoft Visual Studio\2017\Community\VC\Tools\MSVC\14.15.26726\bin\Hostx64\x86;C:\Program Files (x86)\Microsoft Visual Studio\2017\Community\VC\Tools\MSVC\14.15.26726\bin\Hostx64\x64;C:\openssl-1.0.2g\bin;D:\download\tiroFinale-master\tiro;C:\MinGW\bin;C:\Program Files\MySQL\M
USERNAME=mskhana
OS=Windows_NT
PROCESSOR_IDENTIFIER=Intel64 Family 6 Model 158 Stepping 10, GenuineIntel



---------------  S Y S T E M  ---------------

OS: Windows 10 , 64 bit Build 18362 (10.0.18362.329)

CPU:total 12 (initial active 12) (6 cores per cpu, 2 threads per core) family 6 model 158 stepping 10, cmov, cx8, fxsr, mmx, sse, sse2, sse3, ssse3, sse4.1, sse4.2, popcnt, avx, avx2, aes, clmul, erms, 3dnowpref, lzcnt, ht, tsc, tscinvbit, bmi1, bmi2, adx, fma

Memory: 4k page, physical 8243972k(3133552k free), swap 13224708k(5077120k free)

vm_info: Java HotSpot(TM) 64-Bit Server VM (9.0.4+11) for windows-amd64 JRE (9.0.4+11), built on Dec 20 2017 02:18:54 by "mach5one" with MS VC++ 12.0 (VS2013)

END.
